#
# There is insufficient memory for the Java Runtime Environment to continue.
# Native memory allocation (malloc) failed to allocate 211376 bytes for Chunk::new
# Possible reasons:
#   The system is out of physical RAM or swap space
#   The process is running with CompressedOops enabled, and the Java Heap may be blocking the growth of the native heap
# Possible solutions:
#   Reduce memory load on the system
#   Increase physical memory or swap space
#   Check if swap backing store is full
#   Decrease Java heap size (-Xmx/-Xms)
#   Decrease number of Java threads
#   Decrease Java thread stack sizes (-Xss)
#   Set larger code cache with -XX:ReservedCodeCacheSize=
#   JVM is running with Zero Based Compressed Oops mode in which the Java heap is
#     placed in the first 32GB address space. The Java Heap base address is the
#     maximum limit for the native heap growth. Please use -XX:HeapBaseMinAddress
#     to set the Java Heap base and to place the Java Heap above 32GB virtual address.
# This output file may be truncated or incomplete.
#
#  Out of Memory Error (arena.cpp:168), pid=17688, tid=30176
#
# JRE version: OpenJDK Runtime Environment Zulu21.32+17-CA (21.0.2+13) (build 21.0.2+13-LTS)
# Java VM: OpenJDK 64-Bit Server VM Zulu21.32+17-CA (21.0.2+13-LTS, mixed mode, sharing, tiered, compressed oops, compressed class ptrs, g1 gc, windows-amd64)
# No core dump will be written. Minidumps are not enabled by default on client versions of Windows
#

---------------  S U M M A R Y ------------

Command Line: -Dant.home=C:\Program Files\NetBeans-20\netbeans\extide\ant\bin\.. org.apache.tools.ant.launch.Launcher -f C:\Users\markd\OneDrive\Documents\NetBeansProjects\practiceCRUD\build.xml -Dant.rerun 1 jfx-project-rebuild

Host: AMD Ryzen 5 5600H with Radeon Graphics         , 12 cores, 15G,  Windows 11 , 64 bit Build 22621 (10.0.22621.3085)
Time: Sat Feb 24 15:57:31 2024 Malay Peninsula Standard Time elapsed time: 1.209823 seconds (0d 0h 0m 1s)

---------------  T H R E A D  ---------------

Current thread (0x0000023d7115a8d0):  JavaThread "C2 CompilerThread2" daemon [_thread_in_native, id=30176, stack(0x000000ba07200000,0x000000ba07300000) (1024K)]


Current CompileTask:
C2:   1209 1746       4       java.util.stream.AbstractPipeline::wrapAndCopyInto (18 bytes)

Stack: [0x000000ba07200000,0x000000ba07300000]
Native frames: (J=compiled Java code, j=interpreted, Vv=VM code, C=native code)
V  [jvm.dll+0x6d47c9]
V  [jvm.dll+0x8afd41]
V  [jvm.dll+0x8b20ae]
V  [jvm.dll+0x8b2793]
V  [jvm.dll+0x287836]
V  [jvm.dll+0xc5add]
V  [jvm.dll+0xc6013]
V  [jvm.dll+0x3bd4e2]
V  [jvm.dll+0x389975]
V  [jvm.dll+0x388dea]
V  [jvm.dll+0x24c550]
V  [jvm.dll+0x24bb31]
V  [jvm.dll+0x1cb824]
V  [jvm.dll+0x25b329]
V  [jvm.dll+0x2598da]
V  [jvm.dll+0x3f7036]
V  [jvm.dll+0x858528]
V  [jvm.dll+0x6d2f1d]
C  [ucrtbase.dll+0x29363]
C  [KERNEL32.DLL+0x1257d]
C  [ntdll.dll+0x5aa58]


---------------  P R O C E S S  ---------------

Threads class SMR info:
_java_thread_list=0x0000023d71173700, length=13, elements={
0x0000023d4a1aa640, 0x0000023d6c9ee010, 0x0000023d6c9eeee0, 0x0000023d6c9f0ff0,
0x0000023d6c9f2cc0, 0x0000023d6c9fe150, 0x0000023d6ca01390, 0x0000023d6ca0ec40,
0x0000023d6ca11910, 0x0000023d6c9ff950, 0x0000023d6c9fffe0, 0x0000023d7125e8e0,
0x0000023d7115a8d0
}

Java Threads: ( => current thread )
  0x0000023d4a1aa640 JavaThread "main"                              [_thread_in_Java, id=32008, stack(0x000000ba05f00000,0x000000ba06000000) (1024K)]
  0x0000023d6c9ee010 JavaThread "Reference Handler"          daemon [_thread_blocked, id=2836, stack(0x000000ba06700000,0x000000ba06800000) (1024K)]
  0x0000023d6c9eeee0 JavaThread "Finalizer"                  daemon [_thread_blocked, id=28660, stack(0x000000ba06800000,0x000000ba06900000) (1024K)]
  0x0000023d6c9f0ff0 JavaThread "Signal Dispatcher"          daemon [_thread_blocked, id=29988, stack(0x000000ba06900000,0x000000ba06a00000) (1024K)]
  0x0000023d6c9f2cc0 JavaThread "Attach Listener"            daemon [_thread_blocked, id=5488, stack(0x000000ba06a00000,0x000000ba06b00000) (1024K)]
  0x0000023d6c9fe150 JavaThread "Service Thread"             daemon [_thread_blocked, id=28080, stack(0x000000ba06b00000,0x000000ba06c00000) (1024K)]
  0x0000023d6ca01390 JavaThread "Monitor Deflation Thread"   daemon [_thread_blocked, id=19376, stack(0x000000ba06c00000,0x000000ba06d00000) (1024K)]
  0x0000023d6ca0ec40 JavaThread "C2 CompilerThread0"         daemon [_thread_blocked, id=15548, stack(0x000000ba06d00000,0x000000ba06e00000) (1024K)]
  0x0000023d6ca11910 JavaThread "C1 CompilerThread0"         daemon [_thread_blocked, id=18784, stack(0x000000ba06e00000,0x000000ba06f00000) (1024K)]
  0x0000023d6c9ff950 JavaThread "Notification Thread"        daemon [_thread_blocked, id=14976, stack(0x000000ba06f00000,0x000000ba07000000) (1024K)]
  0x0000023d6c9fffe0 JavaThread "Common-Cleaner"             daemon [_thread_blocked, id=27724, stack(0x000000ba07000000,0x000000ba07100000) (1024K)]
  0x0000023d7125e8e0 JavaThread "C2 CompilerThread1"         daemon [_thread_in_native, id=22872, stack(0x000000ba07100000,0x000000ba07200000) (1024K)]
=>0x0000023d7115a8d0 JavaThread "C2 CompilerThread2"         daemon [_thread_in_native, id=30176, stack(0x000000ba07200000,0x000000ba07300000) (1024K)]
Total: 13

Other Threads:
  0x0000023d6c9d23d0 VMThread "VM Thread"                           [id=29600, stack(0x000000ba06600000,0x000000ba06700000) (1024K)]
  0x0000023d6c9b9f50 WatcherThread "VM Periodic Task Thread"        [id=13340, stack(0x000000ba06500000,0x000000ba06600000) (1024K)]
  0x0000023d4c39c930 WorkerThread "GC Thread#0"                     [id=24088, stack(0x000000ba06000000,0x000000ba06100000) (1024K)]
  0x0000023d716d0a80 WorkerThread "GC Thread#1"                     [id=4300, stack(0x000000ba07300000,0x000000ba07400000) (1024K)]
  0x0000023d712c2d90 WorkerThread "GC Thread#2"                     [id=29780, stack(0x000000ba07400000,0x000000ba07500000) (1024K)]
  0x0000023d713bc010 WorkerThread "GC Thread#3"                     [id=19120, stack(0x000000ba07500000,0x000000ba07600000) (1024K)]
  0x0000023d713e1f20 WorkerThread "GC Thread#4"                     [id=30472, stack(0x000000ba07600000,0x000000ba07700000) (1024K)]
  0x0000023d7120e480 WorkerThread "GC Thread#5"                     [id=24620, stack(0x000000ba07700000,0x000000ba07800000) (1024K)]
  0x0000023d71692f10 WorkerThread "GC Thread#6"                     [id=30100, stack(0x000000ba07800000,0x000000ba07900000) (1024K)]
  0x0000023d4c3acea0 ConcurrentGCThread "G1 Main Marker"            [id=32556, stack(0x000000ba06100000,0x000000ba06200000) (1024K)]
  0x0000023d4c3adfd0 WorkerThread "G1 Conc#0"                       [id=16604, stack(0x000000ba06200000,0x000000ba06300000) (1024K)]
  0x0000023d4c3fe070 ConcurrentGCThread "G1 Refine#0"               [id=7752, stack(0x000000ba06300000,0x000000ba06400000) (1024K)]
  0x0000023d4c3fea00 ConcurrentGCThread "G1 Service"                [id=15648, stack(0x000000ba06400000,0x000000ba06500000) (1024K)]
Total: 13

Threads with active compile tasks:
C1 CompilerThread0     1238 1781   !   3       java.util.zip.ZipFile$CleanableResource::getInflater (47 bytes)
C2 CompilerThread1     1238 1757   !   4       java.util.concurrent.ConcurrentHashMap::putVal (432 bytes)
C2 CompilerThread2     1238 1746       4       java.util.stream.AbstractPipeline::wrapAndCopyInto (18 bytes)
Total: 3

VM state: not at safepoint (normal execution)

VM Mutex/Monitor currently owned by a thread: None

Heap address: 0x000000070a400000, size: 3932 MB, Compressed Oops mode: Zero based, Oop shift amount: 3

CDS archive(s) mapped at: [0x0000023d00000000-0x0000023d00cf0000-0x0000023d00cf0000), size 13565952, SharedBaseAddress: 0x0000023d00000000, ArchiveRelocationMode: 1.
Compressed class space mapped at: 0x0000023d01000000-0x0000023d41000000, reserved size: 1073741824
Narrow klass base: 0x0000023d00000000, Narrow klass shift: 0, Narrow klass range: 0x100000000

GC Precious Log:
 CardTable entry size: 512
 Card Set container configuration: InlinePtr #cards 4 size 8 Array Of Cards #cards 16 size 48 Howl #buckets 8 coarsen threshold 3686 Howl Bitmap #cards 512 size 80 coarsen threshold 460 Card regions per heap region 1 cards per card region 4096
 CPUs: 12 total, 12 available
 Memory: 15724M
 Large Page Support: Disabled
 NUMA Support: Disabled
 Compressed Oops: Enabled (Zero based)
 Heap Region Size: 2M
 Heap Min Capacity: 8M
 Heap Initial Capacity: 246M
 Heap Max Capacity: 3932M
 Pre-touch: Disabled
 Parallel Workers: 10
 Concurrent Workers: 3
 Concurrent Refinement Workers: 10
 Periodic GC: Disabled

Heap:
 garbage-first heap   total 251904K, used 15564K [0x000000070a400000, 0x0000000800000000)
  region size 2048K, 8 young (16384K), 2 survivors (4096K)
 Metaspace       used 5756K, committed 6016K, reserved 1114112K
  class space    used 558K, committed 704K, reserved 1048576K

Heap Regions: E=young(eden), S=young(survivor), O=old, HS=humongous(starts), HC=humongous(continues), CS=collection set, F=free, TAMS=top-at-mark-start, PB=parsable bottom
|   0|0x000000070a400000, 0x000000070a5333d8, 0x000000070a600000| 60%| O|  |TAMS 0x000000070a400000| PB 0x000000070a400000| Untracked 
|   1|0x000000070a600000, 0x000000070a600000, 0x000000070a800000|  0%| F|  |TAMS 0x000000070a600000| PB 0x000000070a600000| Untracked 
|   2|0x000000070a800000, 0x000000070a800000, 0x000000070aa00000|  0%| F|  |TAMS 0x000000070a800000| PB 0x000000070a800000| Untracked 
|   3|0x000000070aa00000, 0x000000070aa00000, 0x000000070ac00000|  0%| F|  |TAMS 0x000000070aa00000| PB 0x000000070aa00000| Untracked 
|   4|0x000000070ac00000, 0x000000070ac00000, 0x000000070ae00000|  0%| F|  |TAMS 0x000000070ac00000| PB 0x000000070ac00000| Untracked 
|   5|0x000000070ae00000, 0x000000070ae00000, 0x000000070b000000|  0%| F|  |TAMS 0x000000070ae00000| PB 0x000000070ae00000| Untracked 
|   6|0x000000070b000000, 0x000000070b000000, 0x000000070b200000|  0%| F|  |TAMS 0x000000070b000000| PB 0x000000070b000000| Untracked 
|   7|0x000000070b200000, 0x000000070b200000, 0x000000070b400000|  0%| F|  |TAMS 0x000000070b200000| PB 0x000000070b200000| Untracked 
|   8|0x000000070b400000, 0x000000070b400000, 0x000000070b600000|  0%| F|  |TAMS 0x000000070b400000| PB 0x000000070b400000| Untracked 
|   9|0x000000070b600000, 0x000000070b600000, 0x000000070b800000|  0%| F|  |TAMS 0x000000070b600000| PB 0x000000070b600000| Untracked 
|  10|0x000000070b800000, 0x000000070b800000, 0x000000070ba00000|  0%| F|  |TAMS 0x000000070b800000| PB 0x000000070b800000| Untracked 
|  11|0x000000070ba00000, 0x000000070ba00000, 0x000000070bc00000|  0%| F|  |TAMS 0x000000070ba00000| PB 0x000000070ba00000| Untracked 
|  12|0x000000070bc00000, 0x000000070bc00000, 0x000000070be00000|  0%| F|  |TAMS 0x000000070bc00000| PB 0x000000070bc00000| Untracked 
|  13|0x000000070be00000, 0x000000070be00000, 0x000000070c000000|  0%| F|  |TAMS 0x000000070be00000| PB 0x000000070be00000| Untracked 
|  14|0x000000070c000000, 0x000000070c000000, 0x000000070c200000|  0%| F|  |TAMS 0x000000070c000000| PB 0x000000070c000000| Untracked 
|  15|0x000000070c200000, 0x000000070c200000, 0x000000070c400000|  0%| F|  |TAMS 0x000000070c200000| PB 0x000000070c200000| Untracked 
|  16|0x000000070c400000, 0x000000070c400000, 0x000000070c600000|  0%| F|  |TAMS 0x000000070c400000| PB 0x000000070c400000| Untracked 
|  17|0x000000070c600000, 0x000000070c600000, 0x000000070c800000|  0%| F|  |TAMS 0x000000070c600000| PB 0x000000070c600000| Untracked 
|  18|0x000000070c800000, 0x000000070c800000, 0x000000070ca00000|  0%| F|  |TAMS 0x000000070c800000| PB 0x000000070c800000| Untracked 
|  19|0x000000070ca00000, 0x000000070ca00000, 0x000000070cc00000|  0%| F|  |TAMS 0x000000070ca00000| PB 0x000000070ca00000| Untracked 
|  20|0x000000070cc00000, 0x000000070cc00000, 0x000000070ce00000|  0%| F|  |TAMS 0x000000070cc00000| PB 0x000000070cc00000| Untracked 
|  21|0x000000070ce00000, 0x000000070ce00000, 0x000000070d000000|  0%| F|  |TAMS 0x000000070ce00000| PB 0x000000070ce00000| Untracked 
|  22|0x000000070d000000, 0x000000070d000000, 0x000000070d200000|  0%| F|  |TAMS 0x000000070d000000| PB 0x000000070d000000| Untracked 
|  23|0x000000070d200000, 0x000000070d200000, 0x000000070d400000|  0%| F|  |TAMS 0x000000070d200000| PB 0x000000070d200000| Untracked 
|  24|0x000000070d400000, 0x000000070d400000, 0x000000070d600000|  0%| F|  |TAMS 0x000000070d400000| PB 0x000000070d400000| Untracked 
|  25|0x000000070d600000, 0x000000070d600000, 0x000000070d800000|  0%| F|  |TAMS 0x000000070d600000| PB 0x000000070d600000| Untracked 
|  26|0x000000070d800000, 0x000000070d800000, 0x000000070da00000|  0%| F|  |TAMS 0x000000070d800000| PB 0x000000070d800000| Untracked 
|  27|0x000000070da00000, 0x000000070da00000, 0x000000070dc00000|  0%| F|  |TAMS 0x000000070da00000| PB 0x000000070da00000| Untracked 
|  28|0x000000070dc00000, 0x000000070dc00000, 0x000000070de00000|  0%| F|  |TAMS 0x000000070dc00000| PB 0x000000070dc00000| Untracked 
|  29|0x000000070de00000, 0x000000070de00000, 0x000000070e000000|  0%| F|  |TAMS 0x000000070de00000| PB 0x000000070de00000| Untracked 
|  30|0x000000070e000000, 0x000000070e000000, 0x000000070e200000|  0%| F|  |TAMS 0x000000070e000000| PB 0x000000070e000000| Untracked 
|  31|0x000000070e200000, 0x000000070e200000, 0x000000070e400000|  0%| F|  |TAMS 0x000000070e200000| PB 0x000000070e200000| Untracked 
|  32|0x000000070e400000, 0x000000070e400000, 0x000000070e600000|  0%| F|  |TAMS 0x000000070e400000| PB 0x000000070e400000| Untracked 
|  33|0x000000070e600000, 0x000000070e600000, 0x000000070e800000|  0%| F|  |TAMS 0x000000070e600000| PB 0x000000070e600000| Untracked 
|  34|0x000000070e800000, 0x000000070e800000, 0x000000070ea00000|  0%| F|  |TAMS 0x000000070e800000| PB 0x000000070e800000| Untracked 
|  35|0x000000070ea00000, 0x000000070ea00000, 0x000000070ec00000|  0%| F|  |TAMS 0x000000070ea00000| PB 0x000000070ea00000| Untracked 
|  36|0x000000070ec00000, 0x000000070ec00000, 0x000000070ee00000|  0%| F|  |TAMS 0x000000070ec00000| PB 0x000000070ec00000| Untracked 
|  37|0x000000070ee00000, 0x000000070ee00000, 0x000000070f000000|  0%| F|  |TAMS 0x000000070ee00000| PB 0x000000070ee00000| Untracked 
|  38|0x000000070f000000, 0x000000070f000000, 0x000000070f200000|  0%| F|  |TAMS 0x000000070f000000| PB 0x000000070f000000| Untracked 
|  39|0x000000070f200000, 0x000000070f200000, 0x000000070f400000|  0%| F|  |TAMS 0x000000070f200000| PB 0x000000070f200000| Untracked 
|  40|0x000000070f400000, 0x000000070f400000, 0x000000070f600000|  0%| F|  |TAMS 0x000000070f400000| PB 0x000000070f400000| Untracked 
|  41|0x000000070f600000, 0x000000070f600000, 0x000000070f800000|  0%| F|  |TAMS 0x000000070f600000| PB 0x000000070f600000| Untracked 
|  42|0x000000070f800000, 0x000000070f800000, 0x000000070fa00000|  0%| F|  |TAMS 0x000000070f800000| PB 0x000000070f800000| Untracked 
|  43|0x000000070fa00000, 0x000000070fa00000, 0x000000070fc00000|  0%| F|  |TAMS 0x000000070fa00000| PB 0x000000070fa00000| Untracked 
|  44|0x000000070fc00000, 0x000000070fc00000, 0x000000070fe00000|  0%| F|  |TAMS 0x000000070fc00000| PB 0x000000070fc00000| Untracked 
|  45|0x000000070fe00000, 0x000000070fe00000, 0x0000000710000000|  0%| F|  |TAMS 0x000000070fe00000| PB 0x000000070fe00000| Untracked 
|  46|0x0000000710000000, 0x0000000710000000, 0x0000000710200000|  0%| F|  |TAMS 0x0000000710000000| PB 0x0000000710000000| Untracked 
|  47|0x0000000710200000, 0x0000000710200000, 0x0000000710400000|  0%| F|  |TAMS 0x0000000710200000| PB 0x0000000710200000| Untracked 
|  48|0x0000000710400000, 0x0000000710400000, 0x0000000710600000|  0%| F|  |TAMS 0x0000000710400000| PB 0x0000000710400000| Untracked 
|  49|0x0000000710600000, 0x0000000710600000, 0x0000000710800000|  0%| F|  |TAMS 0x0000000710600000| PB 0x0000000710600000| Untracked 
|  50|0x0000000710800000, 0x0000000710800000, 0x0000000710a00000|  0%| F|  |TAMS 0x0000000710800000| PB 0x0000000710800000| Untracked 
|  51|0x0000000710a00000, 0x0000000710a00000, 0x0000000710c00000|  0%| F|  |TAMS 0x0000000710a00000| PB 0x0000000710a00000| Untracked 
|  52|0x0000000710c00000, 0x0000000710c00000, 0x0000000710e00000|  0%| F|  |TAMS 0x0000000710c00000| PB 0x0000000710c00000| Untracked 
|  53|0x0000000710e00000, 0x0000000710e00000, 0x0000000711000000|  0%| F|  |TAMS 0x0000000710e00000| PB 0x0000000710e00000| Untracked 
|  54|0x0000000711000000, 0x0000000711000000, 0x0000000711200000|  0%| F|  |TAMS 0x0000000711000000| PB 0x0000000711000000| Untracked 
|  55|0x0000000711200000, 0x0000000711200000, 0x0000000711400000|  0%| F|  |TAMS 0x0000000711200000| PB 0x0000000711200000| Untracked 
|  56|0x0000000711400000, 0x0000000711400000, 0x0000000711600000|  0%| F|  |TAMS 0x0000000711400000| PB 0x0000000711400000| Untracked 
|  57|0x0000000711600000, 0x0000000711600000, 0x0000000711800000|  0%| F|  |TAMS 0x0000000711600000| PB 0x0000000711600000| Untracked 
|  58|0x0000000711800000, 0x0000000711800000, 0x0000000711a00000|  0%| F|  |TAMS 0x0000000711800000| PB 0x0000000711800000| Untracked 
|  59|0x0000000711a00000, 0x0000000711a00000, 0x0000000711c00000|  0%| F|  |TAMS 0x0000000711a00000| PB 0x0000000711a00000| Untracked 
|  60|0x0000000711c00000, 0x0000000711c00000, 0x0000000711e00000|  0%| F|  |TAMS 0x0000000711c00000| PB 0x0000000711c00000| Untracked 
|  61|0x0000000711e00000, 0x0000000711e00000, 0x0000000712000000|  0%| F|  |TAMS 0x0000000711e00000| PB 0x0000000711e00000| Untracked 
|  62|0x0000000712000000, 0x0000000712000000, 0x0000000712200000|  0%| F|  |TAMS 0x0000000712000000| PB 0x0000000712000000| Untracked 
|  63|0x0000000712200000, 0x0000000712200000, 0x0000000712400000|  0%| F|  |TAMS 0x0000000712200000| PB 0x0000000712200000| Untracked 
|  64|0x0000000712400000, 0x0000000712400000, 0x0000000712600000|  0%| F|  |TAMS 0x0000000712400000| PB 0x0000000712400000| Untracked 
|  65|0x0000000712600000, 0x0000000712600000, 0x0000000712800000|  0%| F|  |TAMS 0x0000000712600000| PB 0x0000000712600000| Untracked 
|  66|0x0000000712800000, 0x0000000712800000, 0x0000000712a00000|  0%| F|  |TAMS 0x0000000712800000| PB 0x0000000712800000| Untracked 
|  67|0x0000000712a00000, 0x0000000712a00000, 0x0000000712c00000|  0%| F|  |TAMS 0x0000000712a00000| PB 0x0000000712a00000| Untracked 
|  68|0x0000000712c00000, 0x0000000712c00000, 0x0000000712e00000|  0%| F|  |TAMS 0x0000000712c00000| PB 0x0000000712c00000| Untracked 
|  69|0x0000000712e00000, 0x0000000712e00000, 0x0000000713000000|  0%| F|  |TAMS 0x0000000712e00000| PB 0x0000000712e00000| Untracked 
|  70|0x0000000713000000, 0x0000000713000000, 0x0000000713200000|  0%| F|  |TAMS 0x0000000713000000| PB 0x0000000713000000| Untracked 
|  71|0x0000000713200000, 0x0000000713200000, 0x0000000713400000|  0%| F|  |TAMS 0x0000000713200000| PB 0x0000000713200000| Untracked 
|  72|0x0000000713400000, 0x0000000713400000, 0x0000000713600000|  0%| F|  |TAMS 0x0000000713400000| PB 0x0000000713400000| Untracked 
|  73|0x0000000713600000, 0x0000000713600000, 0x0000000713800000|  0%| F|  |TAMS 0x0000000713600000| PB 0x0000000713600000| Untracked 
|  74|0x0000000713800000, 0x0000000713800000, 0x0000000713a00000|  0%| F|  |TAMS 0x0000000713800000| PB 0x0000000713800000| Untracked 
|  75|0x0000000713a00000, 0x0000000713a00000, 0x0000000713c00000|  0%| F|  |TAMS 0x0000000713a00000| PB 0x0000000713a00000| Untracked 
|  76|0x0000000713c00000, 0x0000000713c00000, 0x0000000713e00000|  0%| F|  |TAMS 0x0000000713c00000| PB 0x0000000713c00000| Untracked 
|  77|0x0000000713e00000, 0x0000000713e00000, 0x0000000714000000|  0%| F|  |TAMS 0x0000000713e00000| PB 0x0000000713e00000| Untracked 
|  78|0x0000000714000000, 0x0000000714000000, 0x0000000714200000|  0%| F|  |TAMS 0x0000000714000000| PB 0x0000000714000000| Untracked 
|  79|0x0000000714200000, 0x0000000714200000, 0x0000000714400000|  0%| F|  |TAMS 0x0000000714200000| PB 0x0000000714200000| Untracked 
|  80|0x0000000714400000, 0x0000000714400000, 0x0000000714600000|  0%| F|  |TAMS 0x0000000714400000| PB 0x0000000714400000| Untracked 
|  81|0x0000000714600000, 0x0000000714600000, 0x0000000714800000|  0%| F|  |TAMS 0x0000000714600000| PB 0x0000000714600000| Untracked 
|  82|0x0000000714800000, 0x0000000714800000, 0x0000000714a00000|  0%| F|  |TAMS 0x0000000714800000| PB 0x0000000714800000| Untracked 
|  83|0x0000000714a00000, 0x0000000714a00000, 0x0000000714c00000|  0%| F|  |TAMS 0x0000000714a00000| PB 0x0000000714a00000| Untracked 
|  84|0x0000000714c00000, 0x0000000714c00000, 0x0000000714e00000|  0%| F|  |TAMS 0x0000000714c00000| PB 0x0000000714c00000| Untracked 
|  85|0x0000000714e00000, 0x0000000714e00000, 0x0000000715000000|  0%| F|  |TAMS 0x0000000714e00000| PB 0x0000000714e00000| Untracked 
|  86|0x0000000715000000, 0x0000000715000000, 0x0000000715200000|  0%| F|  |TAMS 0x0000000715000000| PB 0x0000000715000000| Untracked 
|  87|0x0000000715200000, 0x0000000715200000, 0x0000000715400000|  0%| F|  |TAMS 0x0000000715200000| PB 0x0000000715200000| Untracked 
|  88|0x0000000715400000, 0x0000000715400000, 0x0000000715600000|  0%| F|  |TAMS 0x0000000715400000| PB 0x0000000715400000| Untracked 
|  89|0x0000000715600000, 0x0000000715600000, 0x0000000715800000|  0%| F|  |TAMS 0x0000000715600000| PB 0x0000000715600000| Untracked 
|  90|0x0000000715800000, 0x0000000715800000, 0x0000000715a00000|  0%| F|  |TAMS 0x0000000715800000| PB 0x0000000715800000| Untracked 
|  91|0x0000000715a00000, 0x0000000715a00000, 0x0000000715c00000|  0%| F|  |TAMS 0x0000000715a00000| PB 0x0000000715a00000| Untracked 
|  92|0x0000000715c00000, 0x0000000715c00000, 0x0000000715e00000|  0%| F|  |TAMS 0x0000000715c00000| PB 0x0000000715c00000| Untracked 
|  93|0x0000000715e00000, 0x0000000715e00000, 0x0000000716000000|  0%| F|  |TAMS 0x0000000715e00000| PB 0x0000000715e00000| Untracked 
|  94|0x0000000716000000, 0x0000000716000000, 0x0000000716200000|  0%| F|  |TAMS 0x0000000716000000| PB 0x0000000716000000| Untracked 
|  95|0x0000000716200000, 0x0000000716200000, 0x0000000716400000|  0%| F|  |TAMS 0x0000000716200000| PB 0x0000000716200000| Untracked 
|  96|0x0000000716400000, 0x0000000716400000, 0x0000000716600000|  0%| F|  |TAMS 0x0000000716400000| PB 0x0000000716400000| Untracked 
|  97|0x0000000716600000, 0x0000000716600000, 0x0000000716800000|  0%| F|  |TAMS 0x0000000716600000| PB 0x0000000716600000| Untracked 
|  98|0x0000000716800000, 0x0000000716800000, 0x0000000716a00000|  0%| F|  |TAMS 0x0000000716800000| PB 0x0000000716800000| Untracked 
|  99|0x0000000716a00000, 0x0000000716a00000, 0x0000000716c00000|  0%| F|  |TAMS 0x0000000716a00000| PB 0x0000000716a00000| Untracked 
| 100|0x0000000716c00000, 0x0000000716c00000, 0x0000000716e00000|  0%| F|  |TAMS 0x0000000716c00000| PB 0x0000000716c00000| Untracked 
| 101|0x0000000716e00000, 0x0000000716e00000, 0x0000000717000000|  0%| F|  |TAMS 0x0000000716e00000| PB 0x0000000716e00000| Untracked 
| 102|0x0000000717000000, 0x0000000717000000, 0x0000000717200000|  0%| F|  |TAMS 0x0000000717000000| PB 0x0000000717000000| Untracked 
| 103|0x0000000717200000, 0x0000000717200000, 0x0000000717400000|  0%| F|  |TAMS 0x0000000717200000| PB 0x0000000717200000| Untracked 
| 104|0x0000000717400000, 0x0000000717400000, 0x0000000717600000|  0%| F|  |TAMS 0x0000000717400000| PB 0x0000000717400000| Untracked 
| 105|0x0000000717600000, 0x0000000717600000, 0x0000000717800000|  0%| F|  |TAMS 0x0000000717600000| PB 0x0000000717600000| Untracked 
| 106|0x0000000717800000, 0x0000000717800000, 0x0000000717a00000|  0%| F|  |TAMS 0x0000000717800000| PB 0x0000000717800000| Untracked 
| 107|0x0000000717a00000, 0x0000000717a00000, 0x0000000717c00000|  0%| F|  |TAMS 0x0000000717a00000| PB 0x0000000717a00000| Untracked 
| 108|0x0000000717c00000, 0x0000000717c00000, 0x0000000717e00000|  0%| F|  |TAMS 0x0000000717c00000| PB 0x0000000717c00000| Untracked 
| 109|0x0000000717e00000, 0x0000000717e00000, 0x0000000718000000|  0%| F|  |TAMS 0x0000000717e00000| PB 0x0000000717e00000| Untracked 
| 110|0x0000000718000000, 0x0000000718200000, 0x0000000718200000|100%| S|CS|TAMS 0x0000000718000000| PB 0x0000000718000000| Complete 
| 111|0x0000000718200000, 0x0000000718400000, 0x0000000718400000|100%| S|CS|TAMS 0x0000000718200000| PB 0x0000000718200000| Complete 
| 112|0x0000000718400000, 0x0000000718400000, 0x0000000718600000|  0%| F|  |TAMS 0x0000000718400000| PB 0x0000000718400000| Untracked 
| 113|0x0000000718600000, 0x0000000718600000, 0x0000000718800000|  0%| F|  |TAMS 0x0000000718600000| PB 0x0000000718600000| Untracked 
| 114|0x0000000718800000, 0x0000000718800000, 0x0000000718a00000|  0%| F|  |TAMS 0x0000000718800000| PB 0x0000000718800000| Untracked 
| 115|0x0000000718a00000, 0x0000000718a00000, 0x0000000718c00000|  0%| F|  |TAMS 0x0000000718a00000| PB 0x0000000718a00000| Untracked 
| 116|0x0000000718c00000, 0x0000000718c586e0, 0x0000000718e00000| 17%| E|  |TAMS 0x0000000718c00000| PB 0x0000000718c00000| Complete 
| 117|0x0000000718e00000, 0x0000000719000000, 0x0000000719000000|100%| E|CS|TAMS 0x0000000718e00000| PB 0x0000000718e00000| Complete 
| 118|0x0000000719000000, 0x0000000719200000, 0x0000000719200000|100%| E|CS|TAMS 0x0000000719000000| PB 0x0000000719000000| Complete 
| 119|0x0000000719200000, 0x0000000719400000, 0x0000000719400000|100%| E|CS|TAMS 0x0000000719200000| PB 0x0000000719200000| Complete 
| 120|0x0000000719400000, 0x0000000719600000, 0x0000000719600000|100%| E|CS|TAMS 0x0000000719400000| PB 0x0000000719400000| Complete 
| 121|0x0000000719600000, 0x0000000719800000, 0x0000000719800000|100%| E|CS|TAMS 0x0000000719600000| PB 0x0000000719600000| Complete 
| 122|0x0000000719800000, 0x0000000719a00000, 0x0000000719a00000|100%| E|CS|TAMS 0x0000000719800000| PB 0x0000000719800000| Complete 

Card table byte_map: [0x0000023d65870000,0x0000023d66020000] _byte_map_base: 0x0000023d6201e000

Marking Bits: (CMBitMap*) 0x0000023d4c39ce50
 Bits: [0x0000023d66020000, 0x0000023d69d90000)

Polling page: 0x0000023d4a320000

Metaspace:

Usage:
  Non-class:      5.11 MB used.
      Class:    565.60 KB used.
       Both:      5.66 MB used.

Virtual space:
  Non-class space:       64.00 MB reserved,       5.19 MB (  8%) committed,  1 nodes.
      Class space:        1.00 GB reserved,     704.00 KB ( <1%) committed,  1 nodes.
             Both:        1.06 GB reserved,       5.88 MB ( <1%) committed. 

Chunk freelists:
   Non-Class:  9.84 MB
       Class:  15.17 MB
        Both:  25.01 MB

MaxMetaspaceSize: unlimited
CompressedClassSpaceSize: 1.00 GB
Initial GC threshold: 21.00 MB
Current GC threshold: 21.00 MB
CDS: on
 - commit_granule_bytes: 65536.
 - commit_granule_words: 8192.
 - virtual_space_node_default_size: 8388608.
 - enlarge_chunks_in_place: 1.
 - use_allocation_guard: 0.


Internal statistics:

num_allocs_failed_limit: 0.
num_arena_births: 100.
num_arena_deaths: 0.
num_vsnodes_births: 2.
num_vsnodes_deaths: 0.
num_space_committed: 94.
num_space_uncommitted: 0.
num_chunks_returned_to_freelist: 0.
num_chunks_taken_from_freelist: 236.
num_chunk_merges: 0.
num_chunk_splits: 150.
num_chunks_enlarged: 107.
num_inconsistent_stats: 0.

CodeHeap 'non-profiled nmethods': size=120000Kb used=675Kb max_used=675Kb free=119324Kb
 bounds [0x0000023d5d640000, 0x0000023d5d8b0000, 0x0000023d64b70000]
CodeHeap 'profiled nmethods': size=120000Kb used=3458Kb max_used=3458Kb free=116541Kb
 bounds [0x0000023d55b70000, 0x0000023d55ee0000, 0x0000023d5d0a0000]
CodeHeap 'non-nmethods': size=5760Kb used=1364Kb max_used=1390Kb free=4396Kb
 bounds [0x0000023d5d0a0000, 0x0000023d5d310000, 0x0000023d5d640000]
 total_blobs=2262 nmethods=1795 adapters=372
 compilation: enabled
              stopped_count=0, restarted_count=0
 full_count=0

Compilation events (20 events):
Event: 1.184 Thread 0x0000023d6ca11910 nmethod 1744 0x0000023d55eacb10 code [0x0000023d55eacdc0, 0x0000023d55eadd50]
Event: 1.184 Thread 0x0000023d6ca11910 1745       1       org.apache.tools.ant.Target::getProject (5 bytes)
Event: 1.184 Thread 0x0000023d6ca11910 nmethod 1745 0x0000023d5d6e1f90 code [0x0000023d5d6e2120, 0x0000023d5d6e21f0]
Event: 1.184 Thread 0x0000023d6ca11910 1750       3       java.lang.Float::isNaN (12 bytes)
Event: 1.184 Thread 0x0000023d6ca11910 nmethod 1750 0x0000023d55eae290 code [0x0000023d55eae420, 0x0000023d55eae588]
Event: 1.184 Thread 0x0000023d6ca11910 1751       3       org.apache.tools.ant.BuildEvent::<init> (32 bytes)
Event: 1.185 Thread 0x0000023d6ca11910 nmethod 1751 0x0000023d55eae610 code [0x0000023d55eae7e0, 0x0000023d55eaed80]
Event: 1.185 Thread 0x0000023d7125e8e0 nmethod 1740 0x0000023d5d6e2290 code [0x0000023d5d6e2420, 0x0000023d5d6e2550]
Event: 1.185 Thread 0x0000023d7125e8e0 1752   !   4       jdk.internal.loader.URLClassPath$JarLoader::getResource (40 bytes)
Event: 1.188 Thread 0x0000023d7125e8e0 nmethod 1752 0x0000023d5d6e2610 code [0x0000023d5d6e27c0, 0x0000023d5d6e2930]
Event: 1.188 Thread 0x0000023d7125e8e0 1741       4       java.util.concurrent.locks.AbstractQueuedSynchronizer::signalNext (34 bytes)
Event: 1.189 Thread 0x0000023d6ca11910 1753       3       sun.net.util.IPAddressUtil::checkHostString (64 bytes)
Event: 1.189 Thread 0x0000023d6ca11910 nmethod 1753 0x0000023d55eaef10 code [0x0000023d55eaf0e0, 0x0000023d55eaf2f0]
Event: 1.189 Thread 0x0000023d6ca11910 1754   !   3       java.net.URL::set (114 bytes)
Event: 1.190 Thread 0x0000023d7125e8e0 nmethod 1741 0x0000023d5d6e2b10 code [0x0000023d5d6e2ca0, 0x0000023d5d6e2d90]
Event: 1.190 Thread 0x0000023d7125e8e0 1738       4       java.lang.StringBuilder::toString (9 bytes)
Event: 1.190 Thread 0x0000023d6ca11910 nmethod 1754 0x0000023d55eaf390 code [0x0000023d55eaf5e0, 0x0000023d55eb0060]
Event: 1.200 Thread 0x0000023d7125e8e0 nmethod 1738 0x0000023d5d6e2e90 code [0x0000023d5d6e3040, 0x0000023d5d6e3618]
Event: 1.201 Thread 0x0000023d6ca11910 1756  s    3       java.util.jar.JarFile::getInputStream (88 bytes)
Event: 1.202 Thread 0x0000023d6ca11910 nmethod 1756 0x0000023d55eb0410 code [0x0000023d55eb0680, 0x0000023d55eb0e80]

GC Heap History (2 events):
Event: 0.953 GC heap before
{Heap before GC invocations=0 (full 0):
 garbage-first heap   total 251904K, used 22528K [0x000000070a400000, 0x0000000800000000)
  region size 2048K, 11 young (22528K), 0 survivors (0K)
 Metaspace       used 4618K, committed 4736K, reserved 1114112K
  class space    used 419K, committed 448K, reserved 1048576K
}
Event: 0.980 GC heap after
{Heap after GC invocations=1 (full 0):
 garbage-first heap   total 251904K, used 5324K [0x000000070a400000, 0x0000000800000000)
  region size 2048K, 2 young (4096K), 2 survivors (4096K)
 Metaspace       used 4618K, committed 4736K, reserved 1114112K
  class space    used 419K, committed 448K, reserved 1048576K
}

Dll operation events (6 events):
Event: 0.010 Loaded shared library C:\Users\markd\Downloads\zulu21.32.17-ca-fx-jdk21.0.2-win_x64\zulu21.32.17-ca-fx-jdk21.0.2-win_x64\bin\java.dll
Event: 0.049 Loaded shared library C:\Users\markd\Downloads\zulu21.32.17-ca-fx-jdk21.0.2-win_x64\zulu21.32.17-ca-fx-jdk21.0.2-win_x64\bin\jsvml.dll
Event: 0.080 Loaded shared library C:\Users\markd\Downloads\zulu21.32.17-ca-fx-jdk21.0.2-win_x64\zulu21.32.17-ca-fx-jdk21.0.2-win_x64\bin\net.dll
Event: 0.082 Loaded shared library C:\Users\markd\Downloads\zulu21.32.17-ca-fx-jdk21.0.2-win_x64\zulu21.32.17-ca-fx-jdk21.0.2-win_x64\bin\nio.dll
Event: 0.091 Loaded shared library C:\Users\markd\Downloads\zulu21.32.17-ca-fx-jdk21.0.2-win_x64\zulu21.32.17-ca-fx-jdk21.0.2-win_x64\bin\zip.dll
Event: 0.100 Loaded shared library C:\Users\markd\Downloads\zulu21.32.17-ca-fx-jdk21.0.2-win_x64\zulu21.32.17-ca-fx-jdk21.0.2-win_x64\bin\jimage.dll

Deoptimization events (20 events):
Event: 1.100 Thread 0x0000023d4a1aa640 Uncommon trap: trap_request=0xffffffde fr.pc=0x0000023d5d6c5560 relative=0x0000000000000880
Event: 1.100 Thread 0x0000023d4a1aa640 Uncommon trap: reason=class_check action=maybe_recompile pc=0x0000023d5d6c5560 method=java.util.ArrayList$ArrayListSpliterator.tryAdvance(Ljava/util/function/Consumer;)Z @ 48 c2
Event: 1.100 Thread 0x0000023d4a1aa640 DEOPT PACKING pc=0x0000023d5d6c5560 sp=0x000000ba05ffcde0
Event: 1.100 Thread 0x0000023d4a1aa640 DEOPT UNPACKING pc=0x0000023d5d0f46a2 sp=0x000000ba05ffcbc0 mode 2
Event: 1.101 Thread 0x0000023d4a1aa640 Uncommon trap: trap_request=0xffffffde fr.pc=0x0000023d5d6c5560 relative=0x0000000000000880
Event: 1.102 Thread 0x0000023d4a1aa640 Uncommon trap: reason=class_check action=maybe_recompile pc=0x0000023d5d6c5560 method=java.util.ArrayList$ArrayListSpliterator.tryAdvance(Ljava/util/function/Consumer;)Z @ 48 c2
Event: 1.102 Thread 0x0000023d4a1aa640 DEOPT PACKING pc=0x0000023d5d6c5560 sp=0x000000ba05ffd580
Event: 1.102 Thread 0x0000023d4a1aa640 DEOPT UNPACKING pc=0x0000023d5d0f46a2 sp=0x000000ba05ffd360 mode 2
Event: 1.102 Thread 0x0000023d4a1aa640 Uncommon trap: trap_request=0xffffffde fr.pc=0x0000023d5d683798 relative=0x0000000000000158
Event: 1.102 Thread 0x0000023d4a1aa640 Uncommon trap: reason=class_check action=maybe_recompile pc=0x0000023d5d683798 method=java.util.ArrayList$ArrayListSpliterator.tryAdvance(Ljava/util/function/Consumer;)Z @ 48 c2
Event: 1.102 Thread 0x0000023d4a1aa640 DEOPT PACKING pc=0x0000023d5d683798 sp=0x000000ba05ffcd80
Event: 1.102 Thread 0x0000023d4a1aa640 DEOPT UNPACKING pc=0x0000023d5d0f46a2 sp=0x000000ba05ffcd10 mode 2
Event: 1.158 Thread 0x0000023d4a1aa640 Uncommon trap: trap_request=0xffffffc6 fr.pc=0x0000023d5d6c03a0 relative=0x0000000000000440
Event: 1.158 Thread 0x0000023d4a1aa640 Uncommon trap: reason=bimorphic_or_optimized_type_check action=maybe_recompile pc=0x0000023d5d6c03a0 method=java.util.Collection.stream()Ljava/util/stream/Stream; @ 1 c2
Event: 1.158 Thread 0x0000023d4a1aa640 DEOPT PACKING pc=0x0000023d5d6c03a0 sp=0x000000ba05ffdd80
Event: 1.158 Thread 0x0000023d4a1aa640 DEOPT UNPACKING pc=0x0000023d5d0f46a2 sp=0x000000ba05ffdd60 mode 2
Event: 1.159 Thread 0x0000023d4a1aa640 Uncommon trap: trap_request=0xffffffc6 fr.pc=0x0000023d5d6ac874 relative=0x0000000000000114
Event: 1.159 Thread 0x0000023d4a1aa640 Uncommon trap: reason=bimorphic_or_optimized_type_check action=maybe_recompile pc=0x0000023d5d6ac874 method=java.util.stream.ReferencePipeline$2$1.accept(Ljava/lang/Object;)V @ 8 c2
Event: 1.159 Thread 0x0000023d4a1aa640 DEOPT PACKING pc=0x0000023d5d6ac874 sp=0x000000ba05ffdc50
Event: 1.159 Thread 0x0000023d4a1aa640 DEOPT UNPACKING pc=0x0000023d5d0f46a2 sp=0x000000ba05ffdbe8 mode 2

Classes loaded (20 events):
Event: 1.021 Loading class java/util/regex/Pattern$BnM
Event: 1.021 Loading class java/util/regex/Pattern$BnM done
Event: 1.024 Loading class java/util/Hashtable$EntrySet
Event: 1.024 Loading class java/util/Hashtable$EntrySet done
Event: 1.046 Loading class sun/invoke/util/ValueConversions$1
Event: 1.046 Loading class sun/invoke/util/ValueConversions$1 done
Event: 1.047 Loading class java/lang/invoke/BoundMethodHandle$Species_LI
Event: 1.047 Loading class java/lang/invoke/BoundMethodHandle$Species_LI done
Event: 1.089 Loading class java/util/Hashtable$ValueCollection
Event: 1.089 Loading class java/util/Hashtable$ValueCollection done
Event: 1.101 Loading class java/util/stream/Nodes$SpinedNodeBuilder
Event: 1.101 Loading class java/util/stream/Nodes$SpinedNodeBuilder done
Event: 1.102 Loading class java/util/stream/SpinedBuffer$1Splitr
Event: 1.102 Loading class java/util/stream/SpinedBuffer$1Splitr done
Event: 1.114 Loading class java/lang/invoke/MethodHandle$1
Event: 1.114 Loading class java/lang/invoke/MethodHandle$1 done
Event: 1.130 Loading class java/io/FilterReader
Event: 1.130 Loading class java/io/FilterReader done
Event: 1.149 Loading class java/io/BufferedReader
Event: 1.149 Loading class java/io/BufferedReader done

Classes unloaded (0 events):
No events

Classes redefined (0 events):
No events

Internal exceptions (20 events):
Event: 0.114 Thread 0x0000023d4a1aa640 Exception <a 'java/lang/NoSuchMethodError'{0x00000007196af270}: 'int java.lang.invoke.DirectMethodHandle$Holder.invokeSpecial(java.lang.Object, java.lang.Object, java.lang.Object)'> (0x00000007196af270) 
thrown [s\src\hotspot\share\interpreter\linkResolver.cpp, line 773]
Event: 0.202 Thread 0x0000023d4a1aa640 Exception <a 'java/lang/NoSuchMethodError'{0x0000000719456d00}: 'java.lang.Object java.lang.invoke.DirectMethodHandle$Holder.invokeStaticInit(java.lang.Object, java.lang.Object, java.lang.Object, java.lang.Object)'> (0x0000000719456d00) 
thrown [s\src\hotspot\share\interpreter\linkResolver.cpp, line 773]
Event: 0.230 Thread 0x0000023d4a1aa640 Exception <a 'java/lang/NoSuchMethodError'{0x00000007194e99c0}: 'void java.lang.invoke.DirectMethodHandle$Holder.invokeStatic(java.lang.Object, java.lang.Object, java.lang.Object, java.lang.Object)'> (0x00000007194e99c0) 
thrown [s\src\hotspot\share\interpreter\linkResolver.cpp, line 773]
Event: 0.239 Thread 0x0000023d4a1aa640 Exception <a 'java/lang/NoSuchMethodError'{0x000000071951c980}: 'java.lang.Object java.lang.invoke.DirectMethodHandle$Holder.invokeInterface(java.lang.Object, java.lang.Object, java.lang.Object)'> (0x000000071951c980) 
thrown [s\src\hotspot\share\interpreter\linkResolver.cpp, line 773]
Event: 0.239 Thread 0x0000023d4a1aa640 Exception <a 'java/lang/IncompatibleClassChangeError'{0x000000071951ffe8}: Found class java.lang.Object, but interface was expected> (0x000000071951ffe8) 
thrown [s\src\hotspot\share\interpreter\linkResolver.cpp, line 840]
Event: 0.329 Thread 0x0000023d4a1aa640 Exception <a 'java/lang/NoSuchMethodError'{0x0000000719241050}: 'java.lang.Object java.lang.invoke.DirectMethodHandle$Holder.invokeSpecialIFC(java.lang.Object, java.lang.Object, java.lang.Object, java.lang.Object)'> (0x0000000719241050) 
thrown [s\src\hotspot\share\interpreter\linkResolver.cpp, line 773]
Event: 0.630 Thread 0x0000023d4a1aa640 Exception <a 'java/lang/NoSuchMethodError'{0x0000000718f98e60}: 'void java.lang.invoke.DirectMethodHandle$Holder.invokeVirtual(java.lang.Object, java.lang.Object)'> (0x0000000718f98e60) 
thrown [s\src\hotspot\share\interpreter\linkResolver.cpp, line 773]
Event: 0.631 Thread 0x0000023d4a1aa640 Exception <a 'java/lang/NoSuchMethodError'{0x0000000718f9c500}: 'void java.lang.invoke.DirectMethodHandle$Holder.invokeSpecial(java.lang.Object, java.lang.Object, java.lang.Object)'> (0x0000000718f9c500) 
thrown [s\src\hotspot\share\interpreter\linkResolver.cpp, line 773]
Event: 0.639 Thread 0x0000023d4a1aa640 Exception <a 'java/lang/NoSuchMethodError'{0x0000000718fc1790}: 'java.lang.Object java.lang.invoke.DirectMethodHandle$Holder.invokeInterface(java.lang.Object, java.lang.Object)'> (0x0000000718fc1790) 
thrown [s\src\hotspot\share\interpreter\linkResolver.cpp, line 773]
Event: 0.639 Thread 0x0000023d4a1aa640 Exception <a 'java/lang/IncompatibleClassChangeError'{0x0000000718fc4f08}: Found class java.lang.Object, but interface was expected> (0x0000000718fc4f08) 
thrown [s\src\hotspot\share\interpreter\linkResolver.cpp, line 840]
Event: 0.648 Thread 0x0000023d4a1aa640 Exception <a 'java/lang/NoSuchMethodError'{0x0000000718fdd720}: 'java.lang.Object java.lang.invoke.DirectMethodHandle$Holder.newInvokeSpecial(java.lang.Object, java.lang.Object, java.lang.Object, java.lang.Object, java.lang.Object)'> (0x0000000718fdd720) 
thrown [s\src\hotspot\share\interpreter\linkResolver.cpp, line 773]
Event: 0.874 Thread 0x0000023d4a1aa640 Exception <a 'java/lang/ClassNotFoundException'{0x0000000718b984c8}: org/apache/tools/ant/helper/DefaultExecutor> (0x0000000718b984c8) 
thrown [s\src\hotspot\share\classfile\systemDictionary.cpp, line 315]
Event: 1.040 Thread 0x0000023d4a1aa640 Exception <a 'java/lang/NoSuchMethodError'{0x000000071928e090}: 'int java.lang.invoke.DirectMethodHandle$Holder.invokeInterface(java.lang.Object, java.lang.Object)'> (0x000000071928e090) 
thrown [s\src\hotspot\share\interpreter\linkResolver.cpp, line 773]
Event: 1.046 Thread 0x0000023d4a1aa640 Exception <a 'java/lang/NoSuchMethodError'{0x00000007192df980}: 'void java.lang.invoke.DirectMethodHandle$Holder.invokeVirtual(java.lang.Object, java.lang.Object, int)'> (0x00000007192df980) 
thrown [s\src\hotspot\share\interpreter\linkResolver.cpp, line 773]
Event: 1.047 Thread 0x0000023d4a1aa640 Exception <a 'java/lang/NoSuchMethodError'{0x00000007192e4318}: 'int java.lang.invoke.DirectMethodHandle$Holder.invokeSpecial(java.lang.Object, java.lang.Object, java.lang.Object, int)'> (0x00000007192e4318) 
thrown [s\src\hotspot\share\interpreter\linkResolver.cpp, line 773]
Event: 1.050 Thread 0x0000023d4a1aa640 Exception <a 'java/lang/NoSuchMethodError'{0x00000007192f6920}: 'java.lang.Object java.lang.invoke.DirectMethodHandle$Holder.invokeStatic(java.lang.Object, java.lang.Object, java.lang.Object, java.lang.Object, int)'> (0x00000007192f6920) 
thrown [s\src\hotspot\share\interpreter\linkResolver.cpp, line 773]
Event: 1.051 Thread 0x0000023d4a1aa640 Exception <a 'java/lang/NoSuchMethodError'{0x0000000719301778}: 'void java.lang.invoke.DelegatingMethodHandle$Holder.reinvoke_L(java.lang.Object, java.lang.Object, int)'> (0x0000000719301778) 
thrown [s\src\hotspot\share\interpreter\linkResolver.cpp, line 773]
Event: 1.068 Thread 0x0000023d4a1aa640 Exception <a 'java/lang/NoSuchMethodError'{0x00000007193521b8}: 'void java.lang.invoke.DirectMethodHandle$Holder.invokeVirtual(java.lang.Object, java.lang.Object, long)'> (0x00000007193521b8) 
thrown [s\src\hotspot\share\interpreter\linkResolver.cpp, line 773]
Event: 1.068 Thread 0x0000023d4a1aa640 Exception <a 'java/lang/NoSuchMethodError'{0x0000000719355cf8}: 'long java.lang.invoke.DirectMethodHandle$Holder.invokeStatic(java.lang.Object, java.lang.Object, int)'> (0x0000000719355cf8) 
thrown [s\src\hotspot\share\interpreter\linkResolver.cpp, line 773]
Event: 1.070 Thread 0x0000023d4a1aa640 Exception <a 'java/lang/NoSuchMethodError'{0x00000007193608c8}: 'void java.lang.invoke.DelegatingMethodHandle$Holder.reinvoke_L(java.lang.Object, java.lang.Object, long)'> (0x00000007193608c8) 
thrown [s\src\hotspot\share\interpreter\linkResolver.cpp, line 773]

ZGC Phase Switch (0 events):
No events

VM Operations (20 events):
Event: 0.208 Executing VM operation: HandshakeAllThreads (Deoptimize)
Event: 0.208 Executing VM operation: HandshakeAllThreads (Deoptimize) done
Event: 0.301 Executing VM operation: HandshakeAllThreads (Deoptimize)
Event: 0.301 Executing VM operation: HandshakeAllThreads (Deoptimize) done
Event: 0.304 Executing VM operation: HandshakeAllThreads (Deoptimize)
Event: 0.304 Executing VM operation: HandshakeAllThreads (Deoptimize) done
Event: 0.395 Executing VM operation: HandshakeAllThreads (Deoptimize)
Event: 0.395 Executing VM operation: HandshakeAllThreads (Deoptimize) done
Event: 0.627 Executing VM operation: ICBufferFull
Event: 0.627 Executing VM operation: ICBufferFull done
Event: 0.640 Executing VM operation: HandshakeAllThreads (Deoptimize)
Event: 0.640 Executing VM operation: HandshakeAllThreads (Deoptimize) done
Event: 0.641 Executing VM operation: HandshakeAllThreads (Deoptimize)
Event: 0.641 Executing VM operation: HandshakeAllThreads (Deoptimize) done
Event: 0.953 Executing VM operation: G1CollectForAllocation (G1 Evacuation Pause)
Event: 0.980 Executing VM operation: G1CollectForAllocation (G1 Evacuation Pause) done
Event: 1.059 Executing VM operation: HandshakeAllThreads (Deoptimize)
Event: 1.059 Executing VM operation: HandshakeAllThreads (Deoptimize) done
Event: 1.124 Executing VM operation: HandshakeAllThreads (Deoptimize)
Event: 1.124 Executing VM operation: HandshakeAllThreads (Deoptimize) done

Events (13 events):
Event: 0.028 Thread 0x0000023d4a1aa640 Thread added: 0x0000023d4a1aa640
Event: 0.046 Thread 0x0000023d6c9ee010 Thread added: 0x0000023d6c9ee010
Event: 0.046 Thread 0x0000023d6c9eeee0 Thread added: 0x0000023d6c9eeee0
Event: 0.046 Thread 0x0000023d6c9f0ff0 Thread added: 0x0000023d6c9f0ff0
Event: 0.046 Thread 0x0000023d6c9f2cc0 Thread added: 0x0000023d6c9f2cc0
Event: 0.047 Thread 0x0000023d6c9fe150 Thread added: 0x0000023d6c9fe150
Event: 0.047 Thread 0x0000023d6ca01390 Thread added: 0x0000023d6ca01390
Event: 0.047 Thread 0x0000023d6ca0ec40 Thread added: 0x0000023d6ca0ec40
Event: 0.047 Thread 0x0000023d6ca11910 Thread added: 0x0000023d6ca11910
Event: 0.072 Thread 0x0000023d6c9ff950 Thread added: 0x0000023d6c9ff950
Event: 0.075 Thread 0x0000023d6c9fffe0 Thread added: 0x0000023d6c9fffe0
Event: 0.725 Thread 0x0000023d7125e8e0 Thread added: 0x0000023d7125e8e0
Event: 0.749 Thread 0x0000023d7115a8d0 Thread added: 0x0000023d7115a8d0


Dynamic libraries:
0x00007ff68e5c0000 - 0x00007ff68e5ce000 	C:\Users\markd\Downloads\zulu21.32.17-ca-fx-jdk21.0.2-win_x64\zulu21.32.17-ca-fx-jdk21.0.2-win_x64\bin\java.exe
0x00007fff92b10000 - 0x00007fff92d27000 	C:\WINDOWS\SYSTEM32\ntdll.dll
0x00007fff90fe0000 - 0x00007fff910a4000 	C:\WINDOWS\System32\KERNEL32.DLL
0x00007fff90190000 - 0x00007fff90536000 	C:\WINDOWS\System32\KERNELBASE.dll
0x00007fff8fe50000 - 0x00007fff8ff61000 	C:\WINDOWS\System32\ucrtbase.dll
0x00007fff77840000 - 0x00007fff7785b000 	C:\Users\markd\Downloads\zulu21.32.17-ca-fx-jdk21.0.2-win_x64\zulu21.32.17-ca-fx-jdk21.0.2-win_x64\bin\VCRUNTIME140.dll
0x00007fff77820000 - 0x00007fff77838000 	C:\Users\markd\Downloads\zulu21.32.17-ca-fx-jdk21.0.2-win_x64\zulu21.32.17-ca-fx-jdk21.0.2-win_x64\bin\jli.dll
0x00007fff90880000 - 0x00007fff90a2e000 	C:\WINDOWS\System32\USER32.dll
0x00007fff90160000 - 0x00007fff90186000 	C:\WINDOWS\System32\win32u.dll
0x00007fff71fb0000 - 0x00007fff72243000 	C:\WINDOWS\WinSxS\amd64_microsoft.windows.common-controls_6595b64144ccf1df_6.0.22621.2506_none_270c5ae97388e100\COMCTL32.dll
0x00007fff929a0000 - 0x00007fff92a47000 	C:\WINDOWS\System32\msvcrt.dll
0x00007fff92110000 - 0x00007fff92139000 	C:\WINDOWS\System32\GDI32.dll
0x00007fff90540000 - 0x00007fff90658000 	C:\WINDOWS\System32\gdi32full.dll
0x00007fff907c0000 - 0x00007fff9085a000 	C:\WINDOWS\System32\msvcp_win.dll
0x00007fff925d0000 - 0x00007fff92601000 	C:\WINDOWS\System32\IMM32.DLL
0x00007fff88210000 - 0x00007fff8821c000 	C:\Users\markd\Downloads\zulu21.32.17-ca-fx-jdk21.0.2-win_x64\zulu21.32.17-ca-fx-jdk21.0.2-win_x64\bin\vcruntime140_1.dll
0x00007fff61160000 - 0x00007fff611ee000 	C:\Users\markd\Downloads\zulu21.32.17-ca-fx-jdk21.0.2-win_x64\zulu21.32.17-ca-fx-jdk21.0.2-win_x64\bin\msvcp140.dll
0x00007ffeecc70000 - 0x00007ffeeda05000 	C:\Users\markd\Downloads\zulu21.32.17-ca-fx-jdk21.0.2-win_x64\zulu21.32.17-ca-fx-jdk21.0.2-win_x64\bin\server\jvm.dll
0x00007fff90f10000 - 0x00007fff90fc3000 	C:\WINDOWS\System32\ADVAPI32.dll
0x00007fff90ab0000 - 0x00007fff90b58000 	C:\WINDOWS\System32\sechost.dll
0x00007fff90720000 - 0x00007fff90748000 	C:\WINDOWS\System32\bcrypt.dll
0x00007fff912d0000 - 0x00007fff913e7000 	C:\WINDOWS\System32\RPCRT4.dll
0x00007fff90a30000 - 0x00007fff90aa1000 	C:\WINDOWS\System32\WS2_32.dll
0x00007fff8fd20000 - 0x00007fff8fd6d000 	C:\WINDOWS\SYSTEM32\POWRPROF.dll
0x00007fff86df0000 - 0x00007fff86dfa000 	C:\WINDOWS\SYSTEM32\VERSION.dll
0x00007fff886b0000 - 0x00007fff886e4000 	C:\WINDOWS\SYSTEM32\WINMM.dll
0x00007fff8fd00000 - 0x00007fff8fd13000 	C:\WINDOWS\SYSTEM32\UMPDC.dll
0x00007fff8edf0000 - 0x00007fff8ee08000 	C:\WINDOWS\SYSTEM32\kernel.appcore.dll
0x00007fff7f340000 - 0x00007fff7f34a000 	C:\Users\markd\Downloads\zulu21.32.17-ca-fx-jdk21.0.2-win_x64\zulu21.32.17-ca-fx-jdk21.0.2-win_x64\bin\jimage.dll
0x00007fff8d830000 - 0x00007fff8da63000 	C:\WINDOWS\SYSTEM32\DBGHELP.DLL
0x00007fff92610000 - 0x00007fff92999000 	C:\WINDOWS\System32\combase.dll
0x00007fff90e30000 - 0x00007fff90f07000 	C:\WINDOWS\System32\OLEAUT32.dll
0x00007fff80170000 - 0x00007fff801a2000 	C:\WINDOWS\SYSTEM32\dbgcore.DLL
0x00007fff8ff70000 - 0x00007fff8ffea000 	C:\WINDOWS\System32\bcryptPrimitives.dll
0x00007fff777e0000 - 0x00007fff777ff000 	C:\Users\markd\Downloads\zulu21.32.17-ca-fx-jdk21.0.2-win_x64\zulu21.32.17-ca-fx-jdk21.0.2-win_x64\bin\java.dll
0x00007fff913f0000 - 0x00007fff91c4b000 	C:\WINDOWS\System32\SHELL32.dll
0x00007fff8dd60000 - 0x00007fff8e656000 	C:\WINDOWS\SYSTEM32\windows.storage.dll
0x00007fff8dc20000 - 0x00007fff8dd5e000 	C:\WINDOWS\SYSTEM32\wintypes.dll
0x00007fff90b60000 - 0x00007fff90c53000 	C:\WINDOWS\System32\SHCORE.dll
0x00007fff91fa0000 - 0x00007fff91ffe000 	C:\WINDOWS\System32\shlwapi.dll
0x00007fff8fd80000 - 0x00007fff8fda6000 	C:\WINDOWS\SYSTEM32\profapi.dll
0x00007fff61080000 - 0x00007fff61157000 	C:\Users\markd\Downloads\zulu21.32.17-ca-fx-jdk21.0.2-win_x64\zulu21.32.17-ca-fx-jdk21.0.2-win_x64\bin\jsvml.dll
0x00007fff798f0000 - 0x00007fff79900000 	C:\Users\markd\Downloads\zulu21.32.17-ca-fx-jdk21.0.2-win_x64\zulu21.32.17-ca-fx-jdk21.0.2-win_x64\bin\net.dll
0x00007fff8a390000 - 0x00007fff8a4c7000 	C:\WINDOWS\SYSTEM32\WINHTTP.dll
0x00007fff8f2d0000 - 0x00007fff8f339000 	C:\WINDOWS\system32\mswsock.dll
0x00007fff74c40000 - 0x00007fff74c56000 	C:\Users\markd\Downloads\zulu21.32.17-ca-fx-jdk21.0.2-win_x64\zulu21.32.17-ca-fx-jdk21.0.2-win_x64\bin\nio.dll
0x00007fff74990000 - 0x00007fff749a8000 	C:\Users\markd\Downloads\zulu21.32.17-ca-fx-jdk21.0.2-win_x64\zulu21.32.17-ca-fx-jdk21.0.2-win_x64\bin\zip.dll

dbghelp: loaded successfully - version: 4.0.5 - missing functions: none
symbol engine: initialized successfully - sym options: 0x614 - pdb path: .;C:\Users\markd\Downloads\zulu21.32.17-ca-fx-jdk21.0.2-win_x64\zulu21.32.17-ca-fx-jdk21.0.2-win_x64\bin;C:\WINDOWS\SYSTEM32;C:\WINDOWS\WinSxS\amd64_microsoft.windows.common-controls_6595b64144ccf1df_6.0.22621.2506_none_270c5ae97388e100;C:\Users\markd\Downloads\zulu21.32.17-ca-fx-jdk21.0.2-win_x64\zulu21.32.17-ca-fx-jdk21.0.2-win_x64\bin\server

VM Arguments:
jvm_args: -Dant.home=C:\Program Files\NetBeans-20\netbeans\extide\ant\bin\.. 
java_command: org.apache.tools.ant.launch.Launcher -f C:\Users\markd\OneDrive\Documents\NetBeansProjects\practiceCRUD\build.xml -Dant.rerun 1 jfx-project-rebuild
java_class_path (initial): C:\Program Files\NetBeans-20\netbeans\extide\ant\bin\..\lib\ant-launcher.jar
Launcher Type: SUN_STANDARD

[Global flags]
     intx CICompilerCount                          = 4                                         {product} {ergonomic}
     uint ConcGCThreads                            = 3                                         {product} {ergonomic}
     uint G1ConcRefinementThreads                  = 10                                        {product} {ergonomic}
   size_t G1HeapRegionSize                         = 2097152                                   {product} {ergonomic}
    uintx GCDrainStackTargetSize                   = 64                                        {product} {ergonomic}
   size_t InitialHeapSize                          = 257949696                                 {product} {ergonomic}
   size_t MarkStackSize                            = 4194304                                   {product} {ergonomic}
   size_t MaxHeapSize                              = 4123000832                                {product} {ergonomic}
   size_t MaxNewSize                               = 2472542208                                {product} {ergonomic}
   size_t MinHeapDeltaBytes                        = 2097152                                   {product} {ergonomic}
   size_t MinHeapSize                              = 8388608                                   {product} {ergonomic}
    uintx NonNMethodCodeHeapSize                   = 5839372                                {pd product} {ergonomic}
    uintx NonProfiledCodeHeapSize                  = 122909434                              {pd product} {ergonomic}
    uintx ProfiledCodeHeapSize                     = 122909434                              {pd product} {ergonomic}
    uintx ReservedCodeCacheSize                    = 251658240                              {pd product} {ergonomic}
     bool SegmentedCodeCache                       = true                                      {product} {ergonomic}
   size_t SoftMaxHeapSize                          = 4123000832                             {manageable} {ergonomic}
     bool UseCompressedOops                        = true                           {product lp64_product} {ergonomic}
     bool UseG1GC                                  = true                                      {product} {ergonomic}
     bool UseLargePagesIndividualAllocation        = false                                  {pd product} {ergonomic}

Logging:
Log output configuration:
 #0: stdout all=warning uptime,level,tags foldmultilines=false
 #1: stderr all=off uptime,level,tags foldmultilines=false

Environment Variables:
PATH=C:\Program Files\Zulu\zulu-21\bin\;C:\Program Files\Common Files\Oracle\Java\javapath;C:\Program Files (x86)\Common Files\Intel\Shared Libraries\redist\intel64\compiler;C:\Windows\system32;C:\Windows;C:\Windows\System32\Wbem;C:\Windows\System32\WindowsPowerShell\v1.0\;C:\Windows\System32\OpenSSH\;C:\Program Files (x86)\NVIDIA Corporation\PhysX\Common;C:\Program Files\NVIDIA Corporation\NVIDIA NvDLISR;C:\WINDOWS\system32;C:\WINDOWS;C:\WINDOWS\System32\Wbem;C:\WINDOWS\System32\WindowsPowerShell\v1.0\;C:\WINDOWS\System32\OpenSSH\;C:\Program Files\dotnet\;C:\Users\markd\AppData\Local\Microsoft\WindowsApps;;C:\Users\markd\AppData\Local\Programs\Microsoft VS Code\bin
USERNAME=markd
OS=Windows_NT
PROCESSOR_IDENTIFIER=AMD64 Family 25 Model 80 Stepping 0, AuthenticAMD
TMP=C:\Users\markd\AppData\Local\Temp
TEMP=C:\Users\markd\AppData\Local\Temp




Periodic native trim disabled

---------------  S Y S T E M  ---------------

OS:
 Windows 11 , 64 bit Build 22621 (10.0.22621.3085)
OS uptime: 7 days 20:58 hours
Hyper-V role detected

CPU: total 12 (initial active 12) (12 cores per cpu, 2 threads per core) family 25 model 80 stepping 0 microcode 0x0, cx8, cmov, fxsr, ht, mmx, 3dnowpref, sse, sse2, sse3, ssse3, sse4a, sse4.1, sse4.2, popcnt, lzcnt, tsc, tscinvbit, avx, avx2, aes, erms, clmul, bmi1, bmi2, adx, sha, fma, vzeroupper, clflush, clflushopt, hv, rdtscp, rdpid, fsrm, f16c, cet_ss
Processor Information for processor 0
  Max Mhz: 3301, Current Mhz: 1805, Mhz Limit: 3301
Processor Information for processor 1
  Max Mhz: 3301, Current Mhz: 1908, Mhz Limit: 3301
Processor Information for processor 2
  Max Mhz: 3301, Current Mhz: 1908, Mhz Limit: 3301
Processor Information for processor 3
  Max Mhz: 3301, Current Mhz: 1908, Mhz Limit: 3301
Processor Information for processor 4
  Max Mhz: 3301, Current Mhz: 1908, Mhz Limit: 3301
Processor Information for processor 5
  Max Mhz: 3301, Current Mhz: 1908, Mhz Limit: 3301
Processor Information for processor 6
  Max Mhz: 3301, Current Mhz: 1908, Mhz Limit: 3301
Processor Information for processor 7
  Max Mhz: 3301, Current Mhz: 1805, Mhz Limit: 3301
Processor Information for processor 8
  Max Mhz: 3301, Current Mhz: 1908, Mhz Limit: 3301
Processor Information for processor 9
  Max Mhz: 3301, Current Mhz: 1805, Mhz Limit: 3301
Processor Information for processor 10
  Max Mhz: 3301, Current Mhz: 1805, Mhz Limit: 3301
Processor Information for processor 11
  Max Mhz: 3301, Current Mhz: 1805, Mhz Limit: 3301

Memory: 4k page, system-wide physical 15724M (5830M free)
TotalPageFile size 64876M (AvailPageFile size 5M)
current process WorkingSet (physical memory assigned to process): 86M, peak: 86M
current process commit charge ("private bytes"): 353M, peak: 353M

vm_info: OpenJDK 64-Bit Server VM (21.0.2+13-LTS) for windows-amd64 JRE (21.0.2+13-LTS) (Zulu21.32+17-CA), built on 2024-01-09T19:17:21Z by "zulu_re" with MS VC++ 17.1 (VS2022)

END.
