#
# There is insufficient memory for the Java Runtime Environment to continue.
# Native memory allocation (malloc) failed to allocate 67456 bytes for Chunk::new
# Possible reasons:
#   The system is out of physical RAM or swap space
#   The process is running with CompressedOops enabled, and the Java Heap may be blocking the growth of the native heap
# Possible solutions:
#   Reduce memory load on the system
#   Increase physical memory or swap space
#   Check if swap backing store is full
#   Decrease Java heap size (-Xmx/-Xms)
#   Decrease number of Java threads
#   Decrease Java thread stack sizes (-Xss)
#   Set larger code cache with -XX:ReservedCodeCacheSize=
#   JVM is running with Zero Based Compressed Oops mode in which the Java heap is
#     placed in the first 32GB address space. The Java Heap base address is the
#     maximum limit for the native heap growth. Please use -XX:HeapBaseMinAddress
#     to set the Java Heap base and to place the Java Heap above 32GB virtual address.
# This output file may be truncated or incomplete.
#
#  Out of Memory Error (arena.cpp:168), pid=6704, tid=20564
#
# JRE version: OpenJDK Runtime Environment Zulu21.32+17-CA (21.0.2+13) (build 21.0.2+13-LTS)
# Java VM: OpenJDK 64-Bit Server VM Zulu21.32+17-CA (21.0.2+13-LTS, mixed mode, sharing, tiered, compressed oops, compressed class ptrs, g1 gc, windows-amd64)
# No core dump will be written. Minidumps are not enabled by default on client versions of Windows
#

---------------  S U M M A R Y ------------

Command Line: -Dapplication.home=C:\Users\markd\Downloads\zulu21.32.17-ca-fx-jdk21.0.2-win_x64\zulu21.32.17-ca-fx-jdk21.0.2-win_x64 --add-modules=ALL-DEFAULT -Xms8m -Djdk.module.main=jdk.compiler jdk.compiler/com.sun.tools.javac.Main -d C:\Users\markd\OneDrive\Documents\NetBeansProjects\practiceCRUD\build\classes -classpath C:\Users\markd\OneDrive\Documents\NetBeansProjects\practiceCRUD\build\classes -sourcepath C:\Users\markd\OneDrive\Documents\NetBeansProjects\practiceCRUD\build\empty -target 21 -encoding UTF-8 -g -processorpath C:\Users\JJ\OneDrive\Documents\NetBeansProjects\JAR Files\fontawesomefx-8.2.jar;C:\Users\JJ\OneDrive\Documents\NetBeansProjects\JAR Files\ojdbc11.jar;C:\Users\JJ\OneDrive\Documents\NetBeansProjects\JAR Files\mysql-connector-j-8.2.0\mysql-connector-j-8.2.0.jar;C:\Users\markd\OneDrive\Documents\NetBeansProjects\practiceCRUD\build\empty -s C:\Users\markd\OneDrive\Documents\NetBeansProjects\practiceCRUD\build\generated-sources\ap-source-output -source 21 C:\Users\markd\OneDrive\Documents\NetBeansProjects\practiceCRUD\src\practicecrud\PracticeCRUD.java C:\Users\markd\OneDrive\Documents\NetBeansProjects\practiceCRUD\src\practicecrud\classDATA\users.java C:\Users\markd\OneDrive\Documents\NetBeansProjects\practiceCRUD\src\practicecrud\controller\tableController.java C:\Users\markd\OneDrive\Documents\NetBeansProjects\practiceCRUD\src\practicecrud\database\mysqlconnect.java

Host: AMD Ryzen 5 5600H with Radeon Graphics         , 12 cores, 15G,  Windows 11 , 64 bit Build 22621 (10.0.22621.3085)
Time: Sat Feb 24 15:56:44 2024 Malay Peninsula Standard Time elapsed time: 1.027031 seconds (0d 0h 0m 1s)

---------------  T H R E A D  ---------------

Current thread (0x00000235c84706d0):  JavaThread "C2 CompilerThread0" daemon [_thread_in_native, id=20564, stack(0x000000cc9b000000,0x000000cc9b100000) (1024K)]


Current CompileTask:
C2:   1027 1181       4       java.lang.String::replace (42 bytes)

Stack: [0x000000cc9b000000,0x000000cc9b100000]
Native frames: (J=compiled Java code, j=interpreted, Vv=VM code, C=native code)
V  [jvm.dll+0x6d47c9]
V  [jvm.dll+0x8afd41]
V  [jvm.dll+0x8b20ae]
V  [jvm.dll+0x8b2793]
V  [jvm.dll+0x287836]
V  [jvm.dll+0xc5add]
V  [jvm.dll+0xc6013]
V  [jvm.dll+0x2fb18f]
V  [jvm.dll+0x5fcfe6]
V  [jvm.dll+0x2556ff]
V  [jvm.dll+0x24dbdc]
V  [jvm.dll+0x24ba23]
V  [jvm.dll+0x1cb824]
V  [jvm.dll+0x25b329]
V  [jvm.dll+0x2598da]
V  [jvm.dll+0x3f7036]
V  [jvm.dll+0x858528]
V  [jvm.dll+0x6d2f1d]
C  [ucrtbase.dll+0x29363]
C  [KERNEL32.DLL+0x1257d]
C  [ntdll.dll+0x5aa58]


---------------  P R O C E S S  ---------------

Threads class SMR info:
_java_thread_list=0x000002360e419330, length=13, elements={
0x00000235a7e0f930, 0x00000235c845a420, 0x00000235c845afe0, 0x00000235c845cf40,
0x00000235c845e9b0, 0x00000235c8461780, 0x00000235c8462f20, 0x00000235c84706d0,
0x00000235c8472ba0, 0x00000235c863be70, 0x00000235c879dc90, 0x000002360e53f1f0,
0x000002360e1b79b0
}

Java Threads: ( => current thread )
  0x00000235a7e0f930 JavaThread "main"                              [_thread_in_Java, id=13432, stack(0x000000cc9a200000,0x000000cc9a300000) (1024K)]
  0x00000235c845a420 JavaThread "Reference Handler"          daemon [_thread_blocked, id=13428, stack(0x000000cc9aa00000,0x000000cc9ab00000) (1024K)]
  0x00000235c845afe0 JavaThread "Finalizer"                  daemon [_thread_blocked, id=27172, stack(0x000000cc9ab00000,0x000000cc9ac00000) (1024K)]
  0x00000235c845cf40 JavaThread "Signal Dispatcher"          daemon [_thread_blocked, id=27852, stack(0x000000cc9ac00000,0x000000cc9ad00000) (1024K)]
  0x00000235c845e9b0 JavaThread "Attach Listener"            daemon [_thread_blocked, id=28384, stack(0x000000cc9ad00000,0x000000cc9ae00000) (1024K)]
  0x00000235c8461780 JavaThread "Service Thread"             daemon [_thread_blocked, id=32456, stack(0x000000cc9ae00000,0x000000cc9af00000) (1024K)]
  0x00000235c8462f20 JavaThread "Monitor Deflation Thread"   daemon [_thread_blocked, id=4932, stack(0x000000cc9af00000,0x000000cc9b000000) (1024K)]
=>0x00000235c84706d0 JavaThread "C2 CompilerThread0"         daemon [_thread_in_native, id=20564, stack(0x000000cc9b000000,0x000000cc9b100000) (1024K)]
  0x00000235c8472ba0 JavaThread "C1 CompilerThread0"         daemon [_thread_in_vm, id=1228, stack(0x000000cc9b100000,0x000000cc9b200000) (1024K)]
  0x00000235c863be70 JavaThread "Common-Cleaner"             daemon [_thread_blocked, id=24564, stack(0x000000cc9b200000,0x000000cc9b300000) (1024K)]
  0x00000235c879dc90 JavaThread "Notification Thread"        daemon [_thread_blocked, id=20316, stack(0x000000cc9b400000,0x000000cc9b500000) (1024K)]
  0x000002360e53f1f0 JavaThread "C2 CompilerThread1"         daemon [_thread_in_native, id=20704, stack(0x000000cc9b300000,0x000000cc9b400000) (1024K)]
  0x000002360e1b79b0 JavaThread "C2 CompilerThread2"         daemon [_thread_in_native, id=8648, stack(0x000000cc9ba00000,0x000000cc9bb00000) (1024K)]
Total: 13

Other Threads:
  0x00000235c843cd40 VMThread "VM Thread"                           [id=27572, stack(0x000000cc9a900000,0x000000cc9aa00000) (1024K)]
  0x00000235c842da20 WatcherThread "VM Periodic Task Thread"        [id=31640, stack(0x000000cc9a800000,0x000000cc9a900000) (1024K)]
  0x00000235a7e6e3a0 WorkerThread "GC Thread#0"                     [id=31968, stack(0x000000cc9a300000,0x000000cc9a400000) (1024K)]
  0x00000235c88b2980 WorkerThread "GC Thread#1"                     [id=3740, stack(0x000000cc9b500000,0x000000cc9b600000) (1024K)]
  0x00000235c88cde10 WorkerThread "GC Thread#2"                     [id=14560, stack(0x000000cc9b600000,0x000000cc9b700000) (1024K)]
  0x00000235c88ce1c0 WorkerThread "GC Thread#3"                     [id=32032, stack(0x000000cc9b700000,0x000000cc9b800000) (1024K)]
  0x000002360e160a40 WorkerThread "GC Thread#4"                     [id=2920, stack(0x000000cc9b800000,0x000000cc9b900000) (1024K)]
  0x000002360e571cb0 WorkerThread "GC Thread#5"                     [id=2804, stack(0x000000cc9b900000,0x000000cc9ba00000) (1024K)]
  0x000002360e5af480 WorkerThread "GC Thread#6"                     [id=5104, stack(0x000000cc9bb00000,0x000000cc9bc00000) (1024K)]
  0x00000235a7e7f210 ConcurrentGCThread "G1 Main Marker"            [id=7516, stack(0x000000cc9a400000,0x000000cc9a500000) (1024K)]
  0x00000235a7e803c0 WorkerThread "G1 Conc#0"                       [id=18848, stack(0x000000cc9a500000,0x000000cc9a600000) (1024K)]
  0x00000235a7eb3f10 ConcurrentGCThread "G1 Refine#0"               [id=18460, stack(0x000000cc9a600000,0x000000cc9a700000) (1024K)]
  0x00000235a7eb4990 ConcurrentGCThread "G1 Service"                [id=13672, stack(0x000000cc9a700000,0x000000cc9a800000) (1024K)]
Total: 13

Threads with active compile tasks:
C2 CompilerThread0     1062 1181       4       java.lang.String::replace (42 bytes)
C1 CompilerThread0     1062 1245       3       java.util.RegularEnumSet::add (40 bytes)
C2 CompilerThread1     1062 1227       4       java.util.regex.Pattern::compile (537 bytes)
C2 CompilerThread2     1062 1183       4       java.util.regex.Pattern::atom (422 bytes)
Total: 4

VM state: not at safepoint (normal execution)

VM Mutex/Monitor currently owned by a thread: None

Heap address: 0x000000070a400000, size: 3932 MB, Compressed Oops mode: Zero based, Oop shift amount: 3

CDS archive(s) mapped at: [0x00000235c9000000-0x00000235c9cf0000-0x00000235c9cf0000), size 13565952, SharedBaseAddress: 0x00000235c9000000, ArchiveRelocationMode: 1.
Compressed class space mapped at: 0x00000235ca000000-0x000002360a000000, reserved size: 1073741824
Narrow klass base: 0x00000235c9000000, Narrow klass shift: 0, Narrow klass range: 0x100000000

GC Precious Log:
 CardTable entry size: 512
 Card Set container configuration: InlinePtr #cards 4 size 8 Array Of Cards #cards 16 size 48 Howl #buckets 8 coarsen threshold 3686 Howl Bitmap #cards 512 size 80 coarsen threshold 460 Card regions per heap region 1 cards per card region 4096
 CPUs: 12 total, 12 available
 Memory: 15724M
 Large Page Support: Disabled
 NUMA Support: Disabled
 Compressed Oops: Enabled (Zero based)
 Heap Region Size: 2M
 Heap Min Capacity: 8M
 Heap Initial Capacity: 8M
 Heap Max Capacity: 3932M
 Pre-touch: Disabled
 Parallel Workers: 10
 Concurrent Workers: 3
 Concurrent Refinement Workers: 10
 Periodic GC: Disabled

Heap:
 garbage-first heap   total 14336K, used 7297K [0x000000070a400000, 0x0000000800000000)
  region size 2048K, 3 young (6144K), 1 survivors (2048K)
 Metaspace       used 8913K, committed 9088K, reserved 1114112K
  class space    used 987K, committed 1088K, reserved 1048576K

Heap Regions: E=young(eden), S=young(survivor), O=old, HS=humongous(starts), HC=humongous(continues), CS=collection set, F=free, TAMS=top-at-mark-start, PB=parsable bottom
|   0|0x000000070a400000, 0x000000070a600000, 0x000000070a600000|100%| O|  |TAMS 0x000000070a400000| PB 0x000000070a400000| Untracked 
|   1|0x000000070a600000, 0x000000070a600000, 0x000000070a800000|  0%| F|  |TAMS 0x000000070a600000| PB 0x000000070a600000| Untracked 
|   2|0x000000070a800000, 0x000000070a9e51c0, 0x000000070aa00000| 94%| S|CS|TAMS 0x000000070a800000| PB 0x000000070a800000| Complete 
|   3|0x000000070aa00000, 0x000000070aa00000, 0x000000070ac00000|  0%| F|  |TAMS 0x000000070aa00000| PB 0x000000070aa00000| Untracked 
|   4|0x000000070ac00000, 0x000000070adb6ba8, 0x000000070ae00000| 85%| E|  |TAMS 0x000000070ac00000| PB 0x000000070ac00000| Complete 
|   5|0x000000070ae00000, 0x000000070b000000, 0x000000070b000000|100%| E|CS|TAMS 0x000000070ae00000| PB 0x000000070ae00000| Complete 
|1965|0x00000007ffe00000, 0x00000007fff3b3c8, 0x0000000800000000| 61%| O|  |TAMS 0x00000007ffe00000| PB 0x00000007ffe00000| Untracked 

Card table byte_map: [0x00000235c1340000,0x00000235c1af0000] _byte_map_base: 0x00000235bdaee000

Marking Bits: (CMBitMap*) 0x00000235a7e6f1c0
 Bits: [0x00000235c1af0000, 0x00000235c5860000)

Polling page: 0x00000235a5bb0000

Metaspace:

Usage:
  Non-class:      7.74 MB used.
      Class:    987.07 KB used.
       Both:      8.70 MB used.

Virtual space:
  Non-class space:       64.00 MB reserved,       7.81 MB ( 12%) committed,  1 nodes.
      Class space:        1.00 GB reserved,       1.06 MB ( <1%) committed,  1 nodes.
             Both:        1.06 GB reserved,       8.88 MB ( <1%) committed. 

Chunk freelists:
   Non-Class:  5.89 MB
       Class:  14.89 MB
        Both:  20.78 MB

MaxMetaspaceSize: unlimited
CompressedClassSpaceSize: 1.00 GB
Initial GC threshold: 21.00 MB
Current GC threshold: 21.00 MB
CDS: on
 - commit_granule_bytes: 65536.
 - commit_granule_words: 8192.
 - virtual_space_node_default_size: 8388608.
 - enlarge_chunks_in_place: 1.
 - use_allocation_guard: 0.


Internal statistics:

num_allocs_failed_limit: 0.
num_arena_births: 70.
num_arena_deaths: 0.
num_vsnodes_births: 2.
num_vsnodes_deaths: 0.
num_space_committed: 142.
num_space_uncommitted: 0.
num_chunks_returned_to_freelist: 0.
num_chunks_taken_from_freelist: 364.
num_chunk_merges: 0.
num_chunk_splits: 265.
num_chunks_enlarged: 210.
num_inconsistent_stats: 0.

CodeHeap 'non-profiled nmethods': size=120000Kb used=392Kb max_used=392Kb free=119607Kb
 bounds [0x00000235b9110000, 0x00000235b9380000, 0x00000235c0640000]
CodeHeap 'profiled nmethods': size=120000Kb used=2225Kb max_used=2225Kb free=117774Kb
 bounds [0x00000235b1640000, 0x00000235b18b0000, 0x00000235b8b70000]
CodeHeap 'non-nmethods': size=5760Kb used=1358Kb max_used=1382Kb free=4401Kb
 bounds [0x00000235b8b70000, 0x00000235b8de0000, 0x00000235b9110000]
 total_blobs=1683 nmethods=1236 adapters=349
 compilation: enabled
              stopped_count=0, restarted_count=0
 full_count=0

Compilation events (20 events):
Event: 1.003 Thread 0x00000235c8472ba0 nmethod 1168 0x00000235b1843e90 code [0x00000235b1844060, 0x00000235b18443c8]
Event: 1.004 Thread 0x00000235c8472ba0 1169   !   3       jdk.internal.jrtfs.JrtFileSystem::lambda$iteratorOf$3 (11 bytes)
Event: 1.004 Thread 0x00000235c8472ba0 nmethod 1169 0x00000235b1844510 code [0x00000235b18446c0, 0x00000235b18448c0]
Event: 1.004 Thread 0x00000235c8472ba0 1178       3       com.sun.tools.javac.file.PathFileObject::<init> (42 bytes)
Event: 1.005 Thread 0x00000235c8472ba0 nmethod 1178 0x00000235b1844990 code [0x00000235b1844b80, 0x00000235b18450f8]
Event: 1.011 Thread 0x00000235c8472ba0 1174       3       com.sun.tools.javac.file.RelativePath::<init> (10 bytes)
Event: 1.011 Thread 0x00000235c84706d0 nmethod 1105 0x00000235b916c290 code [0x00000235b916c560, 0x00000235b916d998]
Event: 1.011 Thread 0x00000235c8472ba0 nmethod 1174 0x00000235b1845310 code [0x00000235b18454c0, 0x00000235b1845680]
Event: 1.011 Thread 0x000002360e1b79b0 nmethod 1173 0x00000235b916e290 code [0x00000235b916e440, 0x00000235b916e7e8]
Event: 1.012 Thread 0x000002360e53f1f0 nmethod 1179 0x00000235b916ea90 code [0x00000235b916ec20, 0x00000235b916ed98]
Event: 1.012 Thread 0x00000235c8472ba0 1175       3       com.sun.tools.javac.file.RelativePath::resolveAgainst (27 bytes)
Event: 1.012 Thread 0x00000235c8472ba0 nmethod 1175 0x00000235b1845790 code [0x00000235b1845980, 0x00000235b1845d40]
Event: 1.013 Thread 0x00000235c8472ba0 1176       3       jdk.internal.jrtfs.JrtFileSystem::getPath (102 bytes)
Event: 1.014 Thread 0x00000235c8472ba0 nmethod 1176 0x00000235b1845e90 code [0x00000235b1846160, 0x00000235b1846f40]
Event: 1.014 Thread 0x00000235c8472ba0 1180       3       com.sun.tools.javac.code.ClassFinder::includeClassFile (307 bytes)
Event: 1.015 Thread 0x00000235c84706d0 1181       4       java.lang.String::replace (42 bytes)
Event: 1.015 Thread 0x000002360e53f1f0 1182   !   4       java.util.regex.Pattern::closure (276 bytes)
Event: 1.016 Thread 0x000002360e1b79b0 1183       4       java.util.regex.Pattern::atom (422 bytes)
Event: 1.017 Thread 0x00000235c8472ba0 nmethod 1180 0x00000235b1847490 code [0x00000235b1847780, 0x00000235b1848990]
Event: 1.017 Thread 0x00000235c8472ba0 1177       3       jdk.internal.jrtfs.JrtPath::resolve (6 bytes)

GC Heap History (16 events):
Event: 0.236 GC heap before
{Heap before GC invocations=0 (full 0):
 garbage-first heap   total 8192K, used 2048K [0x000000070a400000, 0x0000000800000000)
  region size 2048K, 1 young (2048K), 0 survivors (0K)
 Metaspace       used 1112K, committed 1216K, reserved 1114112K
  class space    used 118K, committed 192K, reserved 1048576K
}
Event: 0.243 GC heap after
{Heap after GC invocations=1 (full 0):
 garbage-first heap   total 8192K, used 1120K [0x000000070a400000, 0x0000000800000000)
  region size 2048K, 1 young (2048K), 1 survivors (2048K)
 Metaspace       used 1112K, committed 1216K, reserved 1114112K
  class space    used 118K, committed 192K, reserved 1048576K
}
Event: 0.460 GC heap before
{Heap before GC invocations=1 (full 0):
 garbage-first heap   total 8192K, used 3168K [0x000000070a400000, 0x0000000800000000)
  region size 2048K, 2 young (4096K), 1 survivors (2048K)
 Metaspace       used 4330K, committed 4480K, reserved 1114112K
  class space    used 532K, committed 576K, reserved 1048576K
}
Event: 0.468 GC heap after
{Heap after GC invocations=2 (full 0):
 garbage-first heap   total 8192K, used 1722K [0x000000070a400000, 0x0000000800000000)
  region size 2048K, 1 young (2048K), 1 survivors (2048K)
 Metaspace       used 4330K, committed 4480K, reserved 1114112K
  class space    used 532K, committed 576K, reserved 1048576K
}
Event: 0.724 GC heap before
{Heap before GC invocations=2 (full 0):
 garbage-first heap   total 8192K, used 3770K [0x000000070a400000, 0x0000000800000000)
  region size 2048K, 2 young (4096K), 1 survivors (2048K)
 Metaspace       used 8050K, committed 8192K, reserved 1114112K
  class space    used 895K, committed 960K, reserved 1048576K
}
Event: 0.733 GC heap after
{Heap after GC invocations=3 (full 0):
 garbage-first heap   total 8192K, used 2465K [0x000000070a400000, 0x0000000800000000)
  region size 2048K, 1 young (2048K), 1 survivors (2048K)
 Metaspace       used 8050K, committed 8192K, reserved 1114112K
  class space    used 895K, committed 960K, reserved 1048576K
}
Event: 0.808 GC heap before
{Heap before GC invocations=3 (full 0):
 garbage-first heap   total 8192K, used 4513K [0x000000070a400000, 0x0000000800000000)
  region size 2048K, 2 young (4096K), 1 survivors (2048K)
 Metaspace       used 8366K, committed 8576K, reserved 1114112K
  class space    used 926K, committed 1024K, reserved 1048576K
}
Event: 0.813 GC heap after
{Heap after GC invocations=4 (full 0):
 garbage-first heap   total 8192K, used 3197K [0x000000070a400000, 0x0000000800000000)
  region size 2048K, 1 young (2048K), 1 survivors (2048K)
 Metaspace       used 8366K, committed 8576K, reserved 1114112K
  class space    used 926K, committed 1024K, reserved 1048576K
}
Event: 0.849 GC heap before
{Heap before GC invocations=4 (full 0):
 garbage-first heap   total 8192K, used 5245K [0x000000070a400000, 0x0000000800000000)
  region size 2048K, 2 young (4096K), 1 survivors (2048K)
 Metaspace       used 8530K, committed 8704K, reserved 1114112K
  class space    used 948K, committed 1024K, reserved 1048576K
}
Event: 0.856 GC heap after
{Heap after GC invocations=5 (full 0):
 garbage-first heap   total 14336K, used 3701K [0x000000070a400000, 0x0000000800000000)
  region size 2048K, 1 young (2048K), 1 survivors (2048K)
 Metaspace       used 8530K, committed 8704K, reserved 1114112K
  class space    used 948K, committed 1024K, reserved 1048576K
}
Event: 0.904 GC heap before
{Heap before GC invocations=5 (full 0):
 garbage-first heap   total 14336K, used 5749K [0x000000070a400000, 0x0000000800000000)
  region size 2048K, 2 young (4096K), 1 survivors (2048K)
 Metaspace       used 8627K, committed 8832K, reserved 1114112K
  class space    used 956K, committed 1088K, reserved 1048576K
}
Event: 0.911 GC heap after
{Heap after GC invocations=6 (full 0):
 garbage-first heap   total 14336K, used 4091K [0x000000070a400000, 0x0000000800000000)
  region size 2048K, 1 young (2048K), 1 survivors (2048K)
 Metaspace       used 8627K, committed 8832K, reserved 1114112K
  class space    used 956K, committed 1088K, reserved 1048576K
}
Event: 0.937 GC heap before
{Heap before GC invocations=6 (full 0):
 garbage-first heap   total 14336K, used 6139K [0x000000070a400000, 0x0000000800000000)
  region size 2048K, 2 young (4096K), 1 survivors (2048K)
 Metaspace       used 8733K, committed 8896K, reserved 1114112K
  class space    used 968K, committed 1088K, reserved 1048576K
}
Event: 0.939 GC heap after
{Heap after GC invocations=7 (full 0):
 garbage-first heap   total 14336K, used 4294K [0x000000070a400000, 0x0000000800000000)
  region size 2048K, 1 young (2048K), 1 survivors (2048K)
 Metaspace       used 8733K, committed 8896K, reserved 1114112K
  class space    used 968K, committed 1088K, reserved 1048576K
}
Event: 1.005 GC heap before
{Heap before GC invocations=7 (full 0):
 garbage-first heap   total 14336K, used 8390K [0x000000070a400000, 0x0000000800000000)
  region size 2048K, 3 young (6144K), 1 survivors (2048K)
 Metaspace       used 8876K, committed 9088K, reserved 1114112K
  class space    used 984K, committed 1088K, reserved 1048576K
}
Event: 1.011 GC heap after
{Heap after GC invocations=8 (full 0):
 garbage-first heap   total 14336K, used 5249K [0x000000070a400000, 0x0000000800000000)
  region size 2048K, 1 young (2048K), 1 survivors (2048K)
 Metaspace       used 8876K, committed 9088K, reserved 1114112K
  class space    used 984K, committed 1088K, reserved 1048576K
}

Dll operation events (5 events):
Event: 0.013 Loaded shared library C:\Users\markd\Downloads\zulu21.32.17-ca-fx-jdk21.0.2-win_x64\zulu21.32.17-ca-fx-jdk21.0.2-win_x64\bin\java.dll
Event: 0.099 Loaded shared library C:\Users\markd\Downloads\zulu21.32.17-ca-fx-jdk21.0.2-win_x64\zulu21.32.17-ca-fx-jdk21.0.2-win_x64\bin\jsvml.dll
Event: 0.157 Loaded shared library C:\Users\markd\Downloads\zulu21.32.17-ca-fx-jdk21.0.2-win_x64\zulu21.32.17-ca-fx-jdk21.0.2-win_x64\bin\jimage.dll
Event: 0.279 Loaded shared library C:\Users\markd\Downloads\zulu21.32.17-ca-fx-jdk21.0.2-win_x64\zulu21.32.17-ca-fx-jdk21.0.2-win_x64\bin\net.dll
Event: 0.281 Loaded shared library C:\Users\markd\Downloads\zulu21.32.17-ca-fx-jdk21.0.2-win_x64\zulu21.32.17-ca-fx-jdk21.0.2-win_x64\bin\nio.dll

Deoptimization events (20 events):
Event: 0.829 Thread 0x00000235a7e0f930 DEOPT PACKING pc=0x00000235b914bb6c sp=0x000000cc9a2fe400
Event: 0.830 Thread 0x00000235a7e0f930 DEOPT UNPACKING pc=0x00000235b8bc46a2 sp=0x000000cc9a2fe308 mode 2
Event: 0.902 Thread 0x00000235a7e0f930 Uncommon trap: trap_request=0xffffffc6 fr.pc=0x00000235b914bb6c relative=0x000000000000036c
Event: 0.902 Thread 0x00000235a7e0f930 Uncommon trap: reason=bimorphic_or_optimized_type_check action=maybe_recompile pc=0x00000235b914bb6c method=java.util.HashMap.getNode(Ljava/lang/Object;)Ljava/util/HashMap$Node; @ 63 c2
Event: 0.902 Thread 0x00000235a7e0f930 DEOPT PACKING pc=0x00000235b914bb6c sp=0x000000cc9a2fe1c0
Event: 0.902 Thread 0x00000235a7e0f930 DEOPT UNPACKING pc=0x00000235b8bc46a2 sp=0x000000cc9a2fe0c8 mode 2
Event: 0.921 Thread 0x00000235a7e0f930 Uncommon trap: trap_request=0xffffffde fr.pc=0x00000235b914bb38 relative=0x0000000000000338
Event: 0.921 Thread 0x00000235a7e0f930 Uncommon trap: reason=class_check action=maybe_recompile pc=0x00000235b914bb38 method=java.util.HashMap.getNode(Ljava/lang/Object;)Ljava/util/HashMap$Node; @ 128 c2
Event: 0.921 Thread 0x00000235a7e0f930 DEOPT PACKING pc=0x00000235b914bb38 sp=0x000000cc9a2fe1c0
Event: 0.921 Thread 0x00000235a7e0f930 DEOPT UNPACKING pc=0x00000235b8bc46a2 sp=0x000000cc9a2fe0c8 mode 2
Event: 0.934 Thread 0x00000235a7e0f930 DEOPT PACKING pc=0x00000235b1759ef7 sp=0x000000cc9a2fdf30
Event: 0.934 Thread 0x00000235a7e0f930 DEOPT UNPACKING pc=0x00000235b8bc4e42 sp=0x000000cc9a2fd380 mode 0
Event: 0.935 Thread 0x00000235a7e0f930 DEOPT PACKING pc=0x00000235b1759ef7 sp=0x000000cc9a2fe0a0
Event: 0.935 Thread 0x00000235a7e0f930 DEOPT UNPACKING pc=0x00000235b8bc4e42 sp=0x000000cc9a2fd4f0 mode 0
Event: 0.936 Thread 0x00000235a7e0f930 DEOPT PACKING pc=0x00000235b1759ef7 sp=0x000000cc9a2fe0a0
Event: 0.936 Thread 0x00000235a7e0f930 DEOPT UNPACKING pc=0x00000235b8bc4e42 sp=0x000000cc9a2fd4f0 mode 0
Event: 0.946 Thread 0x00000235a7e0f930 Uncommon trap: trap_request=0xffffff45 fr.pc=0x00000235b914f40c relative=0x000000000000006c
Event: 0.946 Thread 0x00000235a7e0f930 Uncommon trap: reason=unstable_if action=reinterpret pc=0x00000235b914f40c method=com.sun.tools.javac.jvm.PoolReader.sizeof(I)I @ 1 c2
Event: 0.946 Thread 0x00000235a7e0f930 DEOPT PACKING pc=0x00000235b914f40c sp=0x000000cc9a2fe140
Event: 0.946 Thread 0x00000235a7e0f930 DEOPT UNPACKING pc=0x00000235b8bc46a2 sp=0x000000cc9a2fe0d0 mode 2

Classes loaded (20 events):
Event: 0.776 Loading class java/util/stream/MatchOps$1MatchSink
Event: 0.776 Loading class java/util/stream/MatchOps$1MatchSink done
Event: 0.816 Loading class java/util/RegularEnumSet$EnumSetIterator
Event: 0.816 Loading class java/util/RegularEnumSet$EnumSetIterator done
Event: 0.836 Loading class java/nio/file/Files$AcceptAllFilter
Event: 0.836 Loading class java/nio/file/Files$AcceptAllFilter done
Event: 0.836 Loading class java/nio/file/Files$2
Event: 0.836 Loading class java/nio/file/Files$2 done
Event: 0.837 Loading class java/util/ImmutableCollections$Access
Event: 0.837 Loading class java/util/ImmutableCollections$Access done
Event: 0.837 Loading class java/util/ImmutableCollections$Access$1
Event: 0.837 Loading class jdk/internal/access/JavaUtilCollectionAccess
Event: 0.837 Loading class jdk/internal/access/JavaUtilCollectionAccess done
Event: 0.837 Loading class java/util/ImmutableCollections$Access$1 done
Event: 0.838 Loading class java/util/stream/Nodes$SpinedNodeBuilder
Event: 0.838 Loading class java/util/stream/Nodes$SpinedNodeBuilder done
Event: 0.971 Loading class java/util/LinkedList$Node
Event: 0.971 Loading class java/util/LinkedList$Node done
Event: 0.976 Loading class java/lang/invoke/MethodHandle$1
Event: 0.976 Loading class java/lang/invoke/MethodHandle$1 done

Classes unloaded (0 events):
No events

Classes redefined (0 events):
No events

Internal exceptions (20 events):
Event: 0.603 Thread 0x00000235a7e0f930 Exception <a 'sun/nio/fs/WindowsException'{0x000000070ab16400}> (0x000000070ab16400) 
thrown [s\src\hotspot\share\prims\jni.cpp, line 520]
Event: 0.706 Thread 0x00000235a7e0f930 Exception <a 'sun/nio/fs/WindowsException'{0x000000070abc1280}> (0x000000070abc1280) 
thrown [s\src\hotspot\share\prims\jni.cpp, line 520]
Event: 0.706 Thread 0x00000235a7e0f930 Exception <a 'sun/nio/fs/WindowsException'{0x000000070abc1c20}> (0x000000070abc1c20) 
thrown [s\src\hotspot\share\prims\jni.cpp, line 520]
Event: 0.760 Thread 0x00000235a7e0f930 Exception <a 'java/lang/NoSuchMethodError'{0x000000070aaa0860}: 'java.lang.Object java.lang.invoke.DirectMethodHandle$Holder.invokeSpecial(java.lang.Object, java.lang.Object, java.lang.Object, int, int)'> (0x000000070aaa0860) 
thrown [s\src\hotspot\share\interpreter\linkResolver.cpp, line 773]
Event: 0.762 Thread 0x00000235a7e0f930 Exception <a 'java/lang/NoSuchMethodError'{0x000000070aaa6d80}: 'java.lang.Object java.lang.invoke.DirectMethodHandle$Holder.invokeVirtual(java.lang.Object, java.lang.Object, int)'> (0x000000070aaa6d80) 
thrown [s\src\hotspot\share\interpreter\linkResolver.cpp, line 773]
Event: 0.818 Thread 0x00000235a7e0f930 Exception <a 'java/lang/NoSuchMethodError'{0x000000070aa3a4c8}: 'void java.lang.invoke.DirectMethodHandle$Holder.invokeStatic(java.lang.Object, java.lang.Object)'> (0x000000070aa3a4c8) 
thrown [s\src\hotspot\share\interpreter\linkResolver.cpp, line 773]
Event: 0.819 Thread 0x00000235a7e0f930 Exception <a 'sun/nio/fs/WindowsException'{0x000000070aa43688}> (0x000000070aa43688) 
thrown [s\src\hotspot\share\prims\jni.cpp, line 520]
Event: 0.820 Thread 0x00000235a7e0f930 Exception <a 'sun/nio/fs/WindowsException'{0x000000070aa480e8}> (0x000000070aa480e8) 
thrown [s\src\hotspot\share\prims\jni.cpp, line 520]
Event: 0.827 Thread 0x00000235a7e0f930 Exception <a 'sun/nio/fs/WindowsException'{0x000000070aa5c350}> (0x000000070aa5c350) 
thrown [s\src\hotspot\share\prims\jni.cpp, line 520]
Event: 0.827 Thread 0x00000235a7e0f930 Exception <a 'sun/nio/fs/WindowsException'{0x000000070aa5cc68}> (0x000000070aa5cc68) 
thrown [s\src\hotspot\share\prims\jni.cpp, line 520]
Event: 0.827 Thread 0x00000235a7e0f930 Exception <a 'sun/nio/fs/WindowsException'{0x000000070aa5e470}> (0x000000070aa5e470) 
thrown [s\src\hotspot\share\prims\jni.cpp, line 520]
Event: 0.827 Thread 0x00000235a7e0f930 Exception <a 'sun/nio/fs/WindowsException'{0x000000070aa5ed88}> (0x000000070aa5ed88) 
thrown [s\src\hotspot\share\prims\jni.cpp, line 520]
Event: 0.828 Thread 0x00000235a7e0f930 Exception <a 'sun/nio/fs/WindowsException'{0x000000070aa60600}> (0x000000070aa60600) 
thrown [s\src\hotspot\share\prims\jni.cpp, line 520]
Event: 0.828 Thread 0x00000235a7e0f930 Exception <a 'sun/nio/fs/WindowsException'{0x000000070aa60f18}> (0x000000070aa60f18) 
thrown [s\src\hotspot\share\prims\jni.cpp, line 520]
Event: 0.896 Thread 0x00000235a7e0f930 Exception <a 'java/lang/NoSuchMethodError'{0x000000070afd9ac8}: 'int java.lang.invoke.DirectMethodHandle$Holder.invokeSpecial(java.lang.Object, java.lang.Object, java.lang.Object)'> (0x000000070afd9ac8) 
thrown [s\src\hotspot\share\interpreter\linkResolver.cpp, line 773]
Event: 0.899 Thread 0x00000235a7e0f930 Exception <a 'sun/nio/fs/WindowsException'{0x000000070afe30d8}> (0x000000070afe30d8) 
thrown [s\src\hotspot\share\prims\jni.cpp, line 520]
Event: 0.900 Thread 0x00000235a7e0f930 Exception <a 'sun/nio/fs/WindowsException'{0x000000070afe3bb8}> (0x000000070afe3bb8) 
thrown [s\src\hotspot\share\prims\jni.cpp, line 520]
Event: 0.915 Thread 0x00000235a7e0f930 Exception <a 'java/lang/NoSuchMethodError'{0x000000070ae0ee98}: 'java.lang.Object java.lang.invoke.DirectMethodHandle$Holder.invokeVirtual(java.lang.Object, java.lang.Object, java.lang.Object, int, int)'> (0x000000070ae0ee98) 
thrown [s\src\hotspot\share\interpreter\linkResolver.cpp, line 773]
Event: 0.982 Thread 0x00000235a7e0f930 Exception <a 'java/lang/NoSuchMethodError'{0x000000070ad4dce8}: 'java.lang.Object java.lang.invoke.DirectMethodHandle$Holder.invokeInterface(java.lang.Object, java.lang.Object)'> (0x000000070ad4dce8) 
thrown [s\src\hotspot\share\interpreter\linkResolver.cpp, line 773]
Event: 0.988 Thread 0x00000235a7e0f930 Exception <a 'java/lang/NoSuchMethodError'{0x000000070ad61100}: 'void java.lang.invoke.DirectMethodHandle$Holder.invokeSpecial(java.lang.Object, java.lang.Object, java.lang.Object, java.lang.Object, java.lang.Object)'> (0x000000070ad61100) 
thrown [s\src\hotspot\share\interpreter\linkResolver.cpp, line 773]

ZGC Phase Switch (0 events):
No events

VM Operations (20 events):
Event: 0.460 Executing VM operation: G1CollectForAllocation (G1 Evacuation Pause)
Event: 0.468 Executing VM operation: G1CollectForAllocation (G1 Evacuation Pause) done
Event: 0.607 Executing VM operation: HandshakeAllThreads (Deoptimize)
Event: 0.607 Executing VM operation: HandshakeAllThreads (Deoptimize) done
Event: 0.709 Executing VM operation: HandshakeAllThreads (Deoptimize)
Event: 0.709 Executing VM operation: HandshakeAllThreads (Deoptimize) done
Event: 0.724 Executing VM operation: G1CollectForAllocation (G1 Evacuation Pause)
Event: 0.733 Executing VM operation: G1CollectForAllocation (G1 Evacuation Pause) done
Event: 0.807 Executing VM operation: G1CollectForAllocation (G1 Evacuation Pause)
Event: 0.813 Executing VM operation: G1CollectForAllocation (G1 Evacuation Pause) done
Event: 0.849 Executing VM operation: G1CollectForAllocation (G1 Evacuation Pause)
Event: 0.856 Executing VM operation: G1CollectForAllocation (G1 Evacuation Pause) done
Event: 0.904 Executing VM operation: G1CollectForAllocation (G1 Evacuation Pause)
Event: 0.911 Executing VM operation: G1CollectForAllocation (G1 Evacuation Pause) done
Event: 0.937 Executing VM operation: G1CollectForAllocation (G1 Evacuation Pause)
Event: 0.939 Executing VM operation: G1CollectForAllocation (G1 Evacuation Pause) done
Event: 0.991 Executing VM operation: HandshakeAllThreads (Deoptimize)
Event: 0.991 Executing VM operation: HandshakeAllThreads (Deoptimize) done
Event: 1.005 Executing VM operation: G1CollectForAllocation (G1 Evacuation Pause)
Event: 1.011 Executing VM operation: G1CollectForAllocation (G1 Evacuation Pause) done

Events (15 events):
Event: 0.074 Thread 0x00000235a7e0f930 Thread added: 0x00000235a7e0f930
Event: 0.096 Thread 0x00000235c845a420 Thread added: 0x00000235c845a420
Event: 0.096 Thread 0x00000235c845afe0 Thread added: 0x00000235c845afe0
Event: 0.096 Thread 0x00000235c845cf40 Thread added: 0x00000235c845cf40
Event: 0.096 Thread 0x00000235c845e9b0 Thread added: 0x00000235c845e9b0
Event: 0.096 Thread 0x00000235c8461780 Thread added: 0x00000235c8461780
Event: 0.097 Thread 0x00000235c8462f20 Thread added: 0x00000235c8462f20
Event: 0.097 Thread 0x00000235c84706d0 Thread added: 0x00000235c84706d0
Event: 0.097 Thread 0x00000235c8472ba0 Thread added: 0x00000235c8472ba0
Event: 0.122 Thread 0x00000235c863be70 Thread added: 0x00000235c863be70
Event: 0.142 Thread 0x00000235c868db00 Thread added: 0x00000235c868db00
Event: 0.152 Thread 0x00000235c879dc90 Thread added: 0x00000235c879dc90
Event: 0.496 Thread 0x00000235c868db00 Thread exited: 0x00000235c868db00
Event: 0.706 Thread 0x000002360e53f1f0 Thread added: 0x000002360e53f1f0
Event: 0.878 Thread 0x000002360e1b79b0 Thread added: 0x000002360e1b79b0


Dynamic libraries:
0x00007ff60e810000 - 0x00007ff60e818000 	C:\Users\markd\Downloads\zulu21.32.17-ca-fx-jdk21.0.2-win_x64\zulu21.32.17-ca-fx-jdk21.0.2-win_x64\bin\javac.exe
0x00007fff92b10000 - 0x00007fff92d27000 	C:\WINDOWS\SYSTEM32\ntdll.dll
0x00007fff90fe0000 - 0x00007fff910a4000 	C:\WINDOWS\System32\KERNEL32.DLL
0x00007fff90190000 - 0x00007fff90536000 	C:\WINDOWS\System32\KERNELBASE.dll
0x00007fff8fe50000 - 0x00007fff8ff61000 	C:\WINDOWS\System32\ucrtbase.dll
0x00007fff77820000 - 0x00007fff77838000 	C:\Users\markd\Downloads\zulu21.32.17-ca-fx-jdk21.0.2-win_x64\zulu21.32.17-ca-fx-jdk21.0.2-win_x64\bin\jli.dll
0x00007fff77840000 - 0x00007fff7785b000 	C:\Users\markd\Downloads\zulu21.32.17-ca-fx-jdk21.0.2-win_x64\zulu21.32.17-ca-fx-jdk21.0.2-win_x64\bin\VCRUNTIME140.dll
0x00007fff90880000 - 0x00007fff90a2e000 	C:\WINDOWS\System32\USER32.dll
0x00007fff71fb0000 - 0x00007fff72243000 	C:\WINDOWS\WinSxS\amd64_microsoft.windows.common-controls_6595b64144ccf1df_6.0.22621.2506_none_270c5ae97388e100\COMCTL32.dll
0x00007fff90160000 - 0x00007fff90186000 	C:\WINDOWS\System32\win32u.dll
0x00007fff929a0000 - 0x00007fff92a47000 	C:\WINDOWS\System32\msvcrt.dll
0x00007fff92110000 - 0x00007fff92139000 	C:\WINDOWS\System32\GDI32.dll
0x00007fff90540000 - 0x00007fff90658000 	C:\WINDOWS\System32\gdi32full.dll
0x00007fff907c0000 - 0x00007fff9085a000 	C:\WINDOWS\System32\msvcp_win.dll
0x00007fff925d0000 - 0x00007fff92601000 	C:\WINDOWS\System32\IMM32.DLL
0x00007fff88210000 - 0x00007fff8821c000 	C:\Users\markd\Downloads\zulu21.32.17-ca-fx-jdk21.0.2-win_x64\zulu21.32.17-ca-fx-jdk21.0.2-win_x64\bin\vcruntime140_1.dll
0x00007fff61160000 - 0x00007fff611ee000 	C:\Users\markd\Downloads\zulu21.32.17-ca-fx-jdk21.0.2-win_x64\zulu21.32.17-ca-fx-jdk21.0.2-win_x64\bin\msvcp140.dll
0x00007ffeecc70000 - 0x00007ffeeda05000 	C:\Users\markd\Downloads\zulu21.32.17-ca-fx-jdk21.0.2-win_x64\zulu21.32.17-ca-fx-jdk21.0.2-win_x64\bin\server\jvm.dll
0x00007fff90f10000 - 0x00007fff90fc3000 	C:\WINDOWS\System32\ADVAPI32.dll
0x00007fff90ab0000 - 0x00007fff90b58000 	C:\WINDOWS\System32\sechost.dll
0x00007fff90720000 - 0x00007fff90748000 	C:\WINDOWS\System32\bcrypt.dll
0x00007fff912d0000 - 0x00007fff913e7000 	C:\WINDOWS\System32\RPCRT4.dll
0x00007fff90a30000 - 0x00007fff90aa1000 	C:\WINDOWS\System32\WS2_32.dll
0x00007fff8fd20000 - 0x00007fff8fd6d000 	C:\WINDOWS\SYSTEM32\POWRPROF.dll
0x00007fff86df0000 - 0x00007fff86dfa000 	C:\WINDOWS\SYSTEM32\VERSION.dll
0x00007fff886b0000 - 0x00007fff886e4000 	C:\WINDOWS\SYSTEM32\WINMM.dll
0x00007fff8fd00000 - 0x00007fff8fd13000 	C:\WINDOWS\SYSTEM32\UMPDC.dll
0x00007fff8edf0000 - 0x00007fff8ee08000 	C:\WINDOWS\SYSTEM32\kernel.appcore.dll
0x00007fff7f340000 - 0x00007fff7f34a000 	C:\Users\markd\Downloads\zulu21.32.17-ca-fx-jdk21.0.2-win_x64\zulu21.32.17-ca-fx-jdk21.0.2-win_x64\bin\jimage.dll
0x00007fff8d830000 - 0x00007fff8da63000 	C:\WINDOWS\SYSTEM32\DBGHELP.DLL
0x00007fff92610000 - 0x00007fff92999000 	C:\WINDOWS\System32\combase.dll
0x00007fff90e30000 - 0x00007fff90f07000 	C:\WINDOWS\System32\OLEAUT32.dll
0x00007fff80170000 - 0x00007fff801a2000 	C:\WINDOWS\SYSTEM32\dbgcore.DLL
0x00007fff8ff70000 - 0x00007fff8ffea000 	C:\WINDOWS\System32\bcryptPrimitives.dll
0x00007fff777e0000 - 0x00007fff777ff000 	C:\Users\markd\Downloads\zulu21.32.17-ca-fx-jdk21.0.2-win_x64\zulu21.32.17-ca-fx-jdk21.0.2-win_x64\bin\java.dll
0x00007fff913f0000 - 0x00007fff91c4b000 	C:\WINDOWS\System32\SHELL32.dll
0x00007fff8dd60000 - 0x00007fff8e656000 	C:\WINDOWS\SYSTEM32\windows.storage.dll
0x00007fff8dc20000 - 0x00007fff8dd5e000 	C:\WINDOWS\SYSTEM32\wintypes.dll
0x00007fff90b60000 - 0x00007fff90c53000 	C:\WINDOWS\System32\SHCORE.dll
0x00007fff91fa0000 - 0x00007fff91ffe000 	C:\WINDOWS\System32\shlwapi.dll
0x00007fff8fd80000 - 0x00007fff8fda6000 	C:\WINDOWS\SYSTEM32\profapi.dll
0x00007fff61080000 - 0x00007fff61157000 	C:\Users\markd\Downloads\zulu21.32.17-ca-fx-jdk21.0.2-win_x64\zulu21.32.17-ca-fx-jdk21.0.2-win_x64\bin\jsvml.dll
0x00007fff798f0000 - 0x00007fff79900000 	C:\Users\markd\Downloads\zulu21.32.17-ca-fx-jdk21.0.2-win_x64\zulu21.32.17-ca-fx-jdk21.0.2-win_x64\bin\net.dll
0x00007fff8a390000 - 0x00007fff8a4c7000 	C:\WINDOWS\SYSTEM32\WINHTTP.dll
0x00007fff8f2d0000 - 0x00007fff8f339000 	C:\WINDOWS\system32\mswsock.dll
0x00007fff74c40000 - 0x00007fff74c56000 	C:\Users\markd\Downloads\zulu21.32.17-ca-fx-jdk21.0.2-win_x64\zulu21.32.17-ca-fx-jdk21.0.2-win_x64\bin\nio.dll

dbghelp: loaded successfully - version: 4.0.5 - missing functions: none
symbol engine: initialized successfully - sym options: 0x614 - pdb path: .;C:\Users\markd\Downloads\zulu21.32.17-ca-fx-jdk21.0.2-win_x64\zulu21.32.17-ca-fx-jdk21.0.2-win_x64\bin;C:\WINDOWS\SYSTEM32;C:\WINDOWS\WinSxS\amd64_microsoft.windows.common-controls_6595b64144ccf1df_6.0.22621.2506_none_270c5ae97388e100;C:\Users\markd\Downloads\zulu21.32.17-ca-fx-jdk21.0.2-win_x64\zulu21.32.17-ca-fx-jdk21.0.2-win_x64\bin\server

VM Arguments:
jvm_args: -Dapplication.home=C:\Users\markd\Downloads\zulu21.32.17-ca-fx-jdk21.0.2-win_x64\zulu21.32.17-ca-fx-jdk21.0.2-win_x64 --add-modules=ALL-DEFAULT -Xms8m -Djdk.module.main=jdk.compiler 
java_command: jdk.compiler/com.sun.tools.javac.Main -d C:\Users\markd\OneDrive\Documents\NetBeansProjects\practiceCRUD\build\classes -classpath C:\Users\markd\OneDrive\Documents\NetBeansProjects\practiceCRUD\build\classes -sourcepath C:\Users\markd\OneDrive\Documents\NetBeansProjects\practiceCRUD\build\empty -target 21 -encoding UTF-8 -g -processorpath C:\Users\JJ\OneDrive\Documents\NetBeansProjects\JAR Files\fontawesomefx-8.2.jar;C:\Users\JJ\OneDrive\Documents\NetBeansProjects\JAR Files\ojdbc11.jar;C:\Users\JJ\OneDrive\Documents\NetBeansProjects\JAR Files\mysql-connector-j-8.2.0\mysql-connector-j-8.2.0.jar;C:\Users\markd\OneDrive\Documents\NetBeansProjects\practiceCRUD\build\empty -s C:\Users\markd\OneDrive\Documents\NetBeansProjects\practiceCRUD\build\generated-sources\ap-source-output -source 21 C:\Users\markd\OneDrive\Documents\NetBeansProjects\practiceCRUD\src\practicecrud\PracticeCRUD.java C:\Users\markd\OneDrive\Documents\NetBeansProjects\practiceCRUD\src\practicecrud\classDATA\users.java C:\Users\markd\OneDrive\Documents\NetBeansProjects\practiceCRUD\src\practicecrud\controller\tableController.java C:\Users\markd\OneDrive\Documents\NetBeansProjects\practiceCRUD\src\practicecrud\database\mysqlconnect.java
java_class_path (initial): <not set>
Launcher Type: SUN_STANDARD

[Global flags]
     intx CICompilerCount                          = 4                                         {product} {ergonomic}
     uint ConcGCThreads                            = 3                                         {product} {ergonomic}
     uint G1ConcRefinementThreads                  = 10                                        {product} {ergonomic}
   size_t G1HeapRegionSize                         = 2097152                                   {product} {ergonomic}
    uintx GCDrainStackTargetSize                   = 64                                        {product} {ergonomic}
   size_t InitialHeapSize                          = 8388608                                   {product} {command line}
   size_t MarkStackSize                            = 4194304                                   {product} {ergonomic}
   size_t MaxHeapSize                              = 4123000832                                {product} {ergonomic}
   size_t MaxNewSize                               = 2472542208                                {product} {ergonomic}
   size_t MinHeapDeltaBytes                        = 2097152                                   {product} {ergonomic}
   size_t MinHeapSize                              = 8388608                                   {product} {command line}
    uintx NonNMethodCodeHeapSize                   = 5839372                                {pd product} {ergonomic}
    uintx NonProfiledCodeHeapSize                  = 122909434                              {pd product} {ergonomic}
    uintx ProfiledCodeHeapSize                     = 122909434                              {pd product} {ergonomic}
    uintx ReservedCodeCacheSize                    = 251658240                              {pd product} {ergonomic}
     bool SegmentedCodeCache                       = true                                      {product} {ergonomic}
   size_t SoftMaxHeapSize                          = 4123000832                             {manageable} {ergonomic}
     bool UseCompressedOops                        = true                           {product lp64_product} {ergonomic}
     bool UseG1GC                                  = true                                      {product} {ergonomic}
     bool UseLargePagesIndividualAllocation        = false                                  {pd product} {ergonomic}

Logging:
Log output configuration:
 #0: stdout all=warning uptime,level,tags foldmultilines=false
 #1: stderr all=off uptime,level,tags foldmultilines=false

Environment Variables:
PATH=C:\Program Files\Zulu\zulu-21\bin\;C:\Program Files\Common Files\Oracle\Java\javapath;C:\Program Files (x86)\Common Files\Intel\Shared Libraries\redist\intel64\compiler;C:\Windows\system32;C:\Windows;C:\Windows\System32\Wbem;C:\Windows\System32\WindowsPowerShell\v1.0\;C:\Windows\System32\OpenSSH\;C:\Program Files (x86)\NVIDIA Corporation\PhysX\Common;C:\Program Files\NVIDIA Corporation\NVIDIA NvDLISR;C:\WINDOWS\system32;C:\WINDOWS;C:\WINDOWS\System32\Wbem;C:\WINDOWS\System32\WindowsPowerShell\v1.0\;C:\WINDOWS\System32\OpenSSH\;C:\Program Files\dotnet\;C:\Users\markd\AppData\Local\Microsoft\WindowsApps;;C:\Users\markd\AppData\Local\Programs\Microsoft VS Code\bin
USERNAME=markd
OS=Windows_NT
PROCESSOR_IDENTIFIER=AMD64 Family 25 Model 80 Stepping 0, AuthenticAMD
TMP=C:\Users\markd\AppData\Local\Temp
TEMP=C:\Users\markd\AppData\Local\Temp




Periodic native trim disabled

---------------  S Y S T E M  ---------------

OS:
 Windows 11 , 64 bit Build 22621 (10.0.22621.3085)
OS uptime: 7 days 20:57 hours
Hyper-V role detected

CPU: total 12 (initial active 12) (12 cores per cpu, 2 threads per core) family 25 model 80 stepping 0 microcode 0x0, cx8, cmov, fxsr, ht, mmx, 3dnowpref, sse, sse2, sse3, ssse3, sse4a, sse4.1, sse4.2, popcnt, lzcnt, tsc, tscinvbit, avx, avx2, aes, erms, clmul, bmi1, bmi2, adx, sha, fma, vzeroupper, clflush, clflushopt, hv, rdtscp, rdpid, fsrm, f16c, cet_ss
Processor Information for processor 0
  Max Mhz: 3301, Current Mhz: 1908, Mhz Limit: 3301
Processor Information for processor 1
  Max Mhz: 3301, Current Mhz: 1805, Mhz Limit: 3301
Processor Information for processor 2
  Max Mhz: 3301, Current Mhz: 1805, Mhz Limit: 3301
Processor Information for processor 3
  Max Mhz: 3301, Current Mhz: 1908, Mhz Limit: 3301
Processor Information for processor 4
  Max Mhz: 3301, Current Mhz: 1805, Mhz Limit: 3301
Processor Information for processor 5
  Max Mhz: 3301, Current Mhz: 1908, Mhz Limit: 3301
Processor Information for processor 6
  Max Mhz: 3301, Current Mhz: 1908, Mhz Limit: 3301
Processor Information for processor 7
  Max Mhz: 3301, Current Mhz: 1805, Mhz Limit: 3301
Processor Information for processor 8
  Max Mhz: 3301, Current Mhz: 1805, Mhz Limit: 3301
Processor Information for processor 9
  Max Mhz: 3301, Current Mhz: 1908, Mhz Limit: 3301
Processor Information for processor 10
  Max Mhz: 3301, Current Mhz: 1805, Mhz Limit: 3301
Processor Information for processor 11
  Max Mhz: 3301, Current Mhz: 1908, Mhz Limit: 3301

Memory: 4k page, system-wide physical 15724M (5738M free)
TotalPageFile size 64876M (AvailPageFile size 4M)
current process WorkingSet (physical memory assigned to process): 77M, peak: 77M
current process commit charge ("private bytes"): 115M, peak: 129M

vm_info: OpenJDK 64-Bit Server VM (21.0.2+13-LTS) for windows-amd64 JRE (21.0.2+13-LTS) (Zulu21.32+17-CA), built on 2024-01-09T19:17:21Z by "zulu_re" with MS VC++ 17.1 (VS2022)

END.
